{"/home/travis/build/npmtest/node-npmtest-chart.js/test.js":{"path":"/home/travis/build/npmtest/node-npmtest-chart.js/test.js","s":{"1":1,"2":1,"3":1,"4":1,"5":1,"6":1,"7":1,"8":1,"9":1,"10":1,"11":0,"12":0,"13":1,"14":1,"15":1,"16":1,"17":1,"18":1,"19":0,"20":1,"21":1,"22":1,"23":1,"24":0,"25":0,"26":1,"27":0,"28":0,"29":1,"30":0,"31":0,"32":0,"33":0,"34":0,"35":0,"36":1,"37":0,"38":0,"39":1,"40":0,"41":0,"42":1,"43":0,"44":0,"45":1,"46":0,"47":0,"48":1,"49":0,"50":0,"51":1,"52":1},"b":{"1":[1,0,0,0],"2":[1,1,1,1],"3":[0,1],"4":[0,1],"5":[0,0],"6":[1,1],"7":[0,1],"8":[0,1],"9":[0,0,0],"10":[1,1],"11":[1,1],"12":[1,1],"13":[1,1],"14":[1,1],"15":[1,1],"16":[1,1]},"f":{"1":1,"2":1,"3":1,"4":1,"5":1,"6":0,"7":0,"8":0,"9":0,"10":0,"11":0,"12":0},"fnMap":{"1":{"name":"(anonymous_1)","line":12,"loc":{"start":{"line":12,"column":1},"end":{"line":12,"column":13}}},"2":{"name":"(anonymous_2)","line":19,"loc":{"start":{"line":19,"column":5},"end":{"line":19,"column":17}}},"3":{"name":"(anonymous_3)","line":23,"loc":{"start":{"line":23,"column":24},"end":{"line":23,"column":36}}},"4":{"name":"(anonymous_4)","line":61,"loc":{"start":{"line":61,"column":5},"end":{"line":61,"column":17}}},"5":{"name":"(anonymous_5)","line":82,"loc":{"start":{"line":82,"column":5},"end":{"line":82,"column":17}}},"6":{"name":"(anonymous_6)","line":102,"loc":{"start":{"line":102,"column":83},"end":{"line":105,"column":10}},"skip":true},"7":{"name":"(anonymous_7)","line":113,"loc":{"start":{"line":113,"column":77},"end":{"line":116,"column":10}},"skip":true},"8":{"name":"(anonymous_8)","line":129,"loc":{"start":{"line":129,"column":12},"end":{"line":129,"column":40}},"skip":true},"9":{"name":"(anonymous_9)","line":137,"loc":{"start":{"line":137,"column":77},"end":{"line":140,"column":10}},"skip":true},"10":{"name":"(anonymous_10)","line":148,"loc":{"start":{"line":148,"column":83},"end":{"line":151,"column":10}},"skip":true},"11":{"name":"(anonymous_11)","line":159,"loc":{"start":{"line":159,"column":79},"end":{"line":162,"column":10}},"skip":true},"12":{"name":"(anonymous_12)","line":170,"loc":{"start":{"line":170,"column":75},"end":{"line":173,"column":10}},"skip":true}},"statementMap":{"1":{"start":{"line":12,"column":0},"end":{"line":185,"column":5}},"2":{"start":{"line":14,"column":4},"end":{"line":14,"column":14}},"3":{"start":{"line":19,"column":4},"end":{"line":56,"column":9}},"4":{"start":{"line":21,"column":8},"end":{"line":21,"column":19}},"5":{"start":{"line":23,"column":8},"end":{"line":35,"column":13}},"6":{"start":{"line":24,"column":12},"end":{"line":34,"column":13}},"7":{"start":{"line":25,"column":16},"end":{"line":28,"column":30}},"8":{"start":{"line":30,"column":16},"end":{"line":33,"column":27}},"9":{"start":{"line":37,"column":8},"end":{"line":39,"column":21}},"10":{"start":{"line":40,"column":8},"end":{"line":53,"column":9}},"11":{"start":{"line":43,"column":12},"end":{"line":46,"column":14}},"12":{"start":{"line":47,"column":12},"end":{"line":47,"column":18}},"13":{"start":{"line":50,"column":12},"end":{"line":51,"column":46}},"14":{"start":{"line":52,"column":12},"end":{"line":52,"column":18}},"15":{"start":{"line":55,"column":8},"end":{"line":55,"column":35}},"16":{"start":{"line":61,"column":4},"end":{"line":63,"column":9}},"17":{"start":{"line":62,"column":8},"end":{"line":62,"column":15}},"18":{"start":{"line":64,"column":4},"end":{"line":77,"column":5}},"19":{"start":{"line":70,"column":8},"end":{"line":70,"column":14}},"20":{"start":{"line":76,"column":8},"end":{"line":76,"column":14}},"21":{"start":{"line":82,"column":4},"end":{"line":84,"column":9}},"22":{"start":{"line":83,"column":8},"end":{"line":83,"column":15}},"23":{"start":{"line":85,"column":4},"end":{"line":184,"column":5}},"24":{"start":{"line":92,"column":8},"end":{"line":94,"column":63}},"25":{"start":{"line":95,"column":8},"end":{"line":95,"column":14}},"26":{"start":{"line":102,"column":8},"end":{"line":111,"column":10},"skip":true},"27":{"start":{"line":109,"column":12},"end":{"line":109,"column":55},"skip":true},"28":{"start":{"line":110,"column":12},"end":{"line":110,"column":48},"skip":true},"29":{"start":{"line":113,"column":8},"end":{"line":126,"column":10},"skip":true},"30":{"start":{"line":120,"column":12},"end":{"line":120,"column":76},"skip":true},"31":{"start":{"line":121,"column":12},"end":{"line":121,"column":73},"skip":true},"32":{"start":{"line":122,"column":12},"end":{"line":122,"column":74},"skip":true},"33":{"start":{"line":123,"column":12},"end":{"line":123,"column":79},"skip":true},"34":{"start":{"line":124,"column":12},"end":{"line":124,"column":25},"skip":true},"35":{"start":{"line":125,"column":12},"end":{"line":125,"column":45},"skip":true},"36":{"start":{"line":128,"column":8},"end":{"line":135,"column":14},"skip":true},"37":{"start":{"line":133,"column":16},"end":{"line":133,"column":29},"skip":true},"38":{"start":{"line":134,"column":16},"end":{"line":134,"column":55},"skip":true},"39":{"start":{"line":137,"column":8},"end":{"line":146,"column":10},"skip":true},"40":{"start":{"line":144,"column":12},"end":{"line":144,"column":25},"skip":true},"41":{"start":{"line":145,"column":12},"end":{"line":145,"column":45},"skip":true},"42":{"start":{"line":148,"column":8},"end":{"line":157,"column":10},"skip":true},"43":{"start":{"line":155,"column":12},"end":{"line":155,"column":25},"skip":true},"44":{"start":{"line":156,"column":12},"end":{"line":156,"column":48},"skip":true},"45":{"start":{"line":159,"column":8},"end":{"line":168,"column":10},"skip":true},"46":{"start":{"line":166,"column":12},"end":{"line":166,"column":25},"skip":true},"47":{"start":{"line":167,"column":12},"end":{"line":167,"column":46},"skip":true},"48":{"start":{"line":170,"column":8},"end":{"line":179,"column":10},"skip":true},"49":{"start":{"line":177,"column":12},"end":{"line":177,"column":94},"skip":true},"50":{"start":{"line":178,"column":12},"end":{"line":178,"column":48},"skip":true},"51":{"start":{"line":182,"column":8},"end":{"line":182,"column":35},"skip":true},"52":{"start":{"line":183,"column":8},"end":{"line":183,"column":14},"skip":true}},"branchMap":{"1":{"line":25,"type":"binary-expr","locations":[{"start":{"line":25,"column":23},"end":{"line":25,"column":62}},{"start":{"line":26,"column":20},"end":{"line":26,"column":70}},{"start":{"line":27,"column":20},"end":{"line":27,"column":71}},{"start":{"line":28,"column":20},"end":{"line":28,"column":29}}]},"2":{"line":30,"type":"binary-expr","locations":[{"start":{"line":30,"column":23},"end":{"line":30,"column":37}},{"start":{"line":31,"column":20},"end":{"line":31,"column":61}},{"start":{"line":32,"column":20},"end":{"line":32,"column":70}},{"start":{"line":33,"column":20},"end":{"line":33,"column":26}}]},"3":{"line":37,"type":"cond-expr","locations":[{"start":{"line":38,"column":14},"end":{"line":38,"column":20}},{"start":{"line":39,"column":14},"end":{"line":39,"column":20}}]},"4":{"line":40,"type":"switch","locations":[{"start":{"line":42,"column":8},"end":{"line":47,"column":18}},{"start":{"line":49,"column":8},"end":{"line":52,"column":18}}]},"5":{"line":44,"type":"binary-expr","locations":[{"start":{"line":44,"column":16},"end":{"line":44,"column":44}},{"start":{"line":44,"column":48},"end":{"line":44,"column":66}}]},"6":{"line":50,"type":"binary-expr","locations":[{"start":{"line":50,"column":21},"end":{"line":50,"column":49}},{"start":{"line":50,"column":53},"end":{"line":50,"column":72}}]},"7":{"line":64,"type":"switch","locations":[{"start":{"line":69,"column":4},"end":{"line":70,"column":14}},{"start":{"line":75,"column":4},"end":{"line":76,"column":14}}]},"8":{"line":85,"type":"switch","locations":[{"start":{"line":90,"column":4},"end":{"line":95,"column":14}},{"start":{"line":101,"column":4},"end":{"line":183,"column":14},"skip":true}]},"9":{"line":92,"type":"binary-expr","locations":[{"start":{"line":92,"column":18},"end":{"line":92,"column":32}},{"start":{"line":93,"column":12},"end":{"line":93,"column":53}},{"start":{"line":94,"column":12},"end":{"line":94,"column":61}}]},"10":{"line":102,"type":"binary-expr","locations":[{"start":{"line":102,"column":45},"end":{"line":102,"column":79},"skip":true},{"start":{"line":102,"column":83},"end":{"line":111,"column":9},"skip":true}]},"11":{"line":113,"type":"binary-expr","locations":[{"start":{"line":113,"column":42},"end":{"line":113,"column":73},"skip":true},{"start":{"line":113,"column":77},"end":{"line":126,"column":9},"skip":true}]},"12":{"line":128,"type":"binary-expr","locations":[{"start":{"line":128,"column":48},"end":{"line":128,"column":85},"skip":true},{"start":{"line":129,"column":12},"end":{"line":135,"column":13},"skip":true}]},"13":{"line":137,"type":"binary-expr","locations":[{"start":{"line":137,"column":42},"end":{"line":137,"column":73},"skip":true},{"start":{"line":137,"column":77},"end":{"line":146,"column":9},"skip":true}]},"14":{"line":148,"type":"binary-expr","locations":[{"start":{"line":148,"column":45},"end":{"line":148,"column":79},"skip":true},{"start":{"line":148,"column":83},"end":{"line":157,"column":9},"skip":true}]},"15":{"line":159,"type":"binary-expr","locations":[{"start":{"line":159,"column":43},"end":{"line":159,"column":75},"skip":true},{"start":{"line":159,"column":79},"end":{"line":168,"column":9},"skip":true}]},"16":{"line":170,"type":"binary-expr","locations":[{"start":{"line":170,"column":41},"end":{"line":170,"column":71},"skip":true},{"start":{"line":170,"column":75},"end":{"line":179,"column":9},"skip":true}]}},"code":["/* istanbul instrument in package npmtest_chart_js */","/*jslint","    bitwise: true,","    browser: true,","    maxerr: 8,","    maxlen: 96,","    node: true,","    nomen: true,","    regexp: true,","    stupid: true","*/","(function () {","    'use strict';","    var local;","","","","    // run shared js-env code - pre-init","    (function () {","        // init local","        local = {};","        // init modeJs","        local.modeJs = (function () {","            try {","                return typeof navigator.userAgent === 'string' &&","                    typeof document.querySelector('body') === 'object' &&","                    typeof XMLHttpRequest.prototype.open === 'function' &&","                    'browser';","            } catch (errorCaughtBrowser) {","                return module.exports &&","                    typeof process.versions.node === 'string' &&","                    typeof require('http').createServer === 'function' &&","                    'node';","            }","        }());","        // init global","        local.global = local.modeJs === 'browser'","            ? window","            : global;","        switch (local.modeJs) {","        // re-init local from window.local","        case 'browser':","            local = local.global.utility2.objectSetDefault(","                local.global.utility2_rollup || local.global.local,","                local.global.utility2","            );","            break;","        // re-init local from example.js","        case 'node':","            local = (local.global.utility2_rollup || require('utility2'))","                .requireExampleJsFromReadme();","            break;","        }","        // export local","        local.global.local = local;","    }());","","","","    // run shared js-env code - function","    (function () {","        return;","    }());","    switch (local.modeJs) {","","","","    // run browser js-env code - function","    case 'browser':","        break;","","","","    // run node js-env code - function","    case 'node':","        break;","    }","","","","    // run shared js-env code - post-init","    (function () {","        return;","    }());","    switch (local.modeJs) {","","","","    // run browser js-env code - post-init","    case 'browser':","        // run tests","        local.nop(local.modeTest &&","            document.querySelector('#testRunButton1') &&","            document.querySelector('#testRunButton1').click());","        break;","","","","    // run node js-env code - post-init","    /* istanbul ignore next */","    case 'node':","        local.testCase_buildApidoc_default = local.testCase_buildApidoc_default || function (","            options,","            onError","        ) {","        /*","         * this function will test buildApidoc's default handling-behavior-behavior","         */","            options = { modulePathList: module.paths };","            local.buildApidoc(options, onError);","        };","","        local.testCase_buildApp_default = local.testCase_buildApp_default || function (","            options,","            onError","        ) {","        /*","         * this function will test buildApp's default handling-behavior-behavior","         */","            local.testCase_buildReadme_default(options, local.onErrorThrow);","            local.testCase_buildLib_default(options, local.onErrorThrow);","            local.testCase_buildTest_default(options, local.onErrorThrow);","            local.testCase_buildCustomOrg_default(options, local.onErrorThrow);","            options = [];","            local.buildApp(options, onError);","        };","","        local.testCase_buildCustomOrg_default = local.testCase_buildCustomOrg_default ||","            function (options, onError) {","            /*","             * this function will test buildCustomOrg's default handling-behavior","             */","                options = {};","                local.buildCustomOrg(options, onError);","            };","","        local.testCase_buildLib_default = local.testCase_buildLib_default || function (","            options,","            onError","        ) {","        /*","         * this function will test buildLib's default handling-behavior","         */","            options = {};","            local.buildLib(options, onError);","        };","","        local.testCase_buildReadme_default = local.testCase_buildReadme_default || function (","            options,","            onError","        ) {","        /*","         * this function will test buildReadme's default handling-behavior-behavior","         */","            options = {};","            local.buildReadme(options, onError);","        };","","        local.testCase_buildTest_default = local.testCase_buildTest_default || function (","            options,","            onError","        ) {","        /*","         * this function will test buildTest's default handling-behavior","         */","            options = {};","            local.buildTest(options, onError);","        };","","        local.testCase_webpage_default = local.testCase_webpage_default || function (","            options,","            onError","        ) {","        /*","         * this function will test webpage's default handling-behavior","         */","            options = { modeCoverageMerge: true, url: local.serverLocalHost + '?modeTest=1' };","            local.browserTest(options, onError);","        };","","        // run test-server","        local.testRunServer(local);","        break;","    }","}());",""],"l":{"12":1,"14":1,"19":1,"21":1,"23":1,"24":1,"25":1,"30":1,"37":1,"40":1,"43":0,"47":0,"50":1,"52":1,"55":1,"61":1,"62":1,"64":1,"70":0,"76":1,"82":1,"83":1,"85":1,"92":0,"95":0,"102":1,"109":1,"110":1,"113":1,"120":1,"121":1,"122":1,"123":1,"124":1,"125":1,"128":1,"133":1,"134":1,"137":1,"144":1,"145":1,"148":1,"155":1,"156":1,"159":1,"166":1,"167":1,"170":1,"177":1,"178":1,"182":1,"183":1}},"/home/travis/build/npmtest/node-npmtest-chart.js/lib.npmtest_chart.js.js":{"path":"/home/travis/build/npmtest/node-npmtest-chart.js/lib.npmtest_chart.js.js","s":{"1":1,"2":1,"3":1,"4":1,"5":1,"6":1,"7":1,"8":1,"9":1,"10":1,"11":1,"12":1,"13":0,"14":1,"15":1,"16":1},"b":{"1":[1,0,0,0],"2":[1,1,1,1],"3":[0,1],"4":[1,1],"5":[0,1]},"f":{"1":1,"2":1,"3":1},"fnMap":{"1":{"name":"(anonymous_1)","line":12,"loc":{"start":{"line":12,"column":1},"end":{"line":12,"column":13}}},"2":{"name":"(anonymous_2)","line":19,"loc":{"start":{"line":19,"column":5},"end":{"line":19,"column":17}}},"3":{"name":"(anonymous_3)","line":23,"loc":{"start":{"line":23,"column":24},"end":{"line":23,"column":36}}}},"statementMap":{"1":{"start":{"line":12,"column":0},"end":{"line":53,"column":5}},"2":{"start":{"line":14,"column":4},"end":{"line":14,"column":14}},"3":{"start":{"line":19,"column":4},"end":{"line":52,"column":9}},"4":{"start":{"line":21,"column":8},"end":{"line":21,"column":19}},"5":{"start":{"line":23,"column":8},"end":{"line":35,"column":13}},"6":{"start":{"line":24,"column":12},"end":{"line":34,"column":13}},"7":{"start":{"line":25,"column":16},"end":{"line":28,"column":30}},"8":{"start":{"line":30,"column":16},"end":{"line":33,"column":27}},"9":{"start":{"line":37,"column":8},"end":{"line":39,"column":21}},"10":{"start":{"line":41,"column":8},"end":{"line":41,"column":54}},"11":{"start":{"line":43,"column":8},"end":{"line":43,"column":53}},"12":{"start":{"line":45,"column":8},"end":{"line":51,"column":9}},"13":{"start":{"line":46,"column":12},"end":{"line":46,"column":59}},"14":{"start":{"line":48,"column":12},"end":{"line":48,"column":35}},"15":{"start":{"line":49,"column":12},"end":{"line":49,"column":49}},"16":{"start":{"line":50,"column":12},"end":{"line":50,"column":43}}},"branchMap":{"1":{"line":25,"type":"binary-expr","locations":[{"start":{"line":25,"column":23},"end":{"line":25,"column":62}},{"start":{"line":26,"column":20},"end":{"line":26,"column":70}},{"start":{"line":27,"column":20},"end":{"line":27,"column":71}},{"start":{"line":28,"column":20},"end":{"line":28,"column":29}}]},"2":{"line":30,"type":"binary-expr","locations":[{"start":{"line":30,"column":23},"end":{"line":30,"column":37}},{"start":{"line":31,"column":20},"end":{"line":31,"column":61}},{"start":{"line":32,"column":20},"end":{"line":32,"column":70}},{"start":{"line":33,"column":20},"end":{"line":33,"column":26}}]},"3":{"line":37,"type":"cond-expr","locations":[{"start":{"line":38,"column":14},"end":{"line":38,"column":20}},{"start":{"line":39,"column":14},"end":{"line":39,"column":20}}]},"4":{"line":41,"type":"binary-expr","locations":[{"start":{"line":41,"column":16},"end":{"line":41,"column":44}},{"start":{"line":41,"column":48},"end":{"line":41,"column":53}}]},"5":{"line":45,"type":"if","locations":[{"start":{"line":45,"column":8},"end":{"line":45,"column":8}},{"start":{"line":45,"column":8},"end":{"line":45,"column":8}}]}},"code":["/* istanbul instrument in package npmtest_chart_js */","/*jslint","    bitwise: true,","    browser: true,","    maxerr: 8,","    maxlen: 96,","    node: true,","    nomen: true,","    regexp: true,","    stupid: true","*/","(function () {","    'use strict';","    var local;","","","","    // run shared js-env code - pre-init","    (function () {","        // init local","        local = {};","        // init modeJs","        local.modeJs = (function () {","            try {","                return typeof navigator.userAgent === 'string' &&","                    typeof document.querySelector('body') === 'object' &&","                    typeof XMLHttpRequest.prototype.open === 'function' &&","                    'browser';","            } catch (errorCaughtBrowser) {","                return module.exports &&","                    typeof process.versions.node === 'string' &&","                    typeof require('http').createServer === 'function' &&","                    'node';","            }","        }());","        // init global","        local.global = local.modeJs === 'browser'","            ? window","            : global;","        // init utility2_rollup","        local = local.global.utility2_rollup || local;","        // init lib","        local.local = local.npmtest_chart_js = local;","        // init exports","        if (local.modeJs === 'browser') {","            local.global.utility2_npmtest_chart_js = local;","        } else {","            module.exports = local;","            module.exports.__dirname = __dirname;","            module.exports.module = module;","        }","    }());","}());",""],"l":{"12":1,"14":1,"19":1,"21":1,"23":1,"24":1,"25":1,"30":1,"37":1,"41":1,"43":1,"45":1,"46":0,"48":1,"49":1,"50":1}},"/home/travis/build/npmtest/node-npmtest-chart.js/example.js":{"path":"/home/travis/build/npmtest/node-npmtest-chart.js/example.js","s":{"1":1,"2":1,"3":1,"4":1,"5":1,"6":1,"7":1,"8":1,"9":1,"10":1,"11":1,"12":1,"13":0,"14":0,"15":0,"16":0,"17":0,"18":0,"19":0,"20":0,"21":0,"22":0,"23":0,"24":0,"25":0,"26":0,"27":0,"28":0,"29":0,"30":0,"31":0,"32":0,"33":0,"34":0,"35":0,"36":0,"37":0,"38":0,"39":0,"40":0,"41":0,"42":0,"43":0,"44":0,"45":0,"46":0,"47":0,"48":0,"49":0,"50":1,"51":1,"52":1,"53":1,"54":1,"55":1,"56":1,"57":0,"58":1,"59":6,"60":6,"61":1,"62":2,"63":0,"64":2,"65":1,"66":1,"67":0,"68":0,"69":0,"70":0,"71":0,"72":0,"73":0,"74":0,"75":0,"76":0,"77":0,"78":0,"79":0,"80":0,"81":0,"82":0,"83":0},"b":{"1":[1,0,0,0],"2":[1,1,1,1],"3":[0,1],"4":[1,1],"5":[0,1],"6":[0,1],"7":[0,0],"8":[0,0,0,0,0,0],"9":[0,0,0],"10":[0,0],"11":[0,0,0],"12":[0,0],"13":[0,0],"14":[0,0,0,0,0,0,0],"15":[0,0],"16":[0,0],"17":[1,1],"18":[0,1],"19":[1,2,0,2],"20":[1,0],"21":[1,1],"22":[0,0],"23":[0,0],"24":[0,0],"25":[0,0],"26":[0,0],"27":[0,0],"28":[0,0]},"f":{"1":1,"2":1,"3":1,"4":0,"5":0,"6":0,"7":0,"8":0,"9":0,"10":0,"11":6,"12":0},"fnMap":{"1":{"name":"(anonymous_1)","line":26,"loc":{"start":{"line":26,"column":1},"end":{"line":26,"column":13}}},"2":{"name":"(anonymous_2)","line":33,"loc":{"start":{"line":33,"column":5},"end":{"line":33,"column":17}}},"3":{"name":"(anonymous_3)","line":37,"loc":{"start":{"line":37,"column":24},"end":{"line":37,"column":36}}},"4":{"name":"(anonymous_4)","line":69,"loc":{"start":{"line":69,"column":31},"end":{"line":69,"column":48}},"skip":true},"5":{"name":"(anonymous_5)","line":78,"loc":{"start":{"line":78,"column":26},"end":{"line":78,"column":45}},"skip":true},"6":{"name":"(anonymous_6)","line":123,"loc":{"start":{"line":123,"column":33},"end":{"line":123,"column":48}},"skip":true},"7":{"name":"(anonymous_7)","line":125,"loc":{"start":{"line":125,"column":27},"end":{"line":125,"column":39}},"skip":true},"8":{"name":"(anonymous_8)","line":133,"loc":{"start":{"line":133,"column":59},"end":{"line":133,"column":74}},"skip":true},"9":{"name":"(anonymous_9)","line":143,"loc":{"start":{"line":143,"column":45},"end":{"line":143,"column":62}},"skip":true},"10":{"name":"(anonymous_10)","line":144,"loc":{"start":{"line":144,"column":73},"end":{"line":144,"column":92}},"skip":true},"11":{"name":"(anonymous_11)","line":272,"loc":{"start":{"line":272,"column":51},"end":{"line":272,"column":77}},"skip":true},"12":{"name":"(anonymous_12)","line":314,"loc":{"start":{"line":314,"column":32},"end":{"line":314,"column":61}},"skip":true}},"statementMap":{"1":{"start":{"line":26,"column":0},"end":{"line":325,"column":5}},"2":{"start":{"line":28,"column":4},"end":{"line":28,"column":14}},"3":{"start":{"line":33,"column":4},"end":{"line":60,"column":9}},"4":{"start":{"line":35,"column":8},"end":{"line":35,"column":19}},"5":{"start":{"line":37,"column":8},"end":{"line":49,"column":13}},"6":{"start":{"line":38,"column":12},"end":{"line":48,"column":13}},"7":{"start":{"line":39,"column":16},"end":{"line":42,"column":30}},"8":{"start":{"line":44,"column":16},"end":{"line":47,"column":27}},"9":{"start":{"line":51,"column":8},"end":{"line":53,"column":21}},"10":{"start":{"line":55,"column":8},"end":{"line":57,"column":45}},"11":{"start":{"line":59,"column":8},"end":{"line":59,"column":35}},"12":{"start":{"line":61,"column":4},"end":{"line":324,"column":5}},"13":{"start":{"line":69,"column":8},"end":{"line":121,"column":10},"skip":true},"14":{"start":{"line":70,"column":12},"end":{"line":88,"column":13},"skip":true},"15":{"start":{"line":76,"column":16},"end":{"line":87,"column":19},"skip":true},"16":{"start":{"line":79,"column":20},"end":{"line":86,"column":21},"skip":true},"17":{"start":{"line":82,"column":24},"end":{"line":82,"column":43},"skip":true},"18":{"start":{"line":83,"column":24},"end":{"line":83,"column":30},"skip":true},"19":{"start":{"line":85,"column":24},"end":{"line":85,"column":49},"skip":true},"20":{"start":{"line":89,"column":12},"end":{"line":107,"column":13},"skip":true},"21":{"start":{"line":92,"column":16},"end":{"line":102,"column":17},"skip":true},"22":{"start":{"line":93,"column":20},"end":{"line":93,"column":86},"skip":true},"23":{"start":{"line":94,"column":20},"end":{"line":95,"column":45},"skip":true},"24":{"start":{"line":96,"column":20},"end":{"line":96,"column":42},"skip":true},"25":{"start":{"line":97,"column":20},"end":{"line":97,"column":48},"skip":true},"26":{"start":{"line":100,"column":20},"end":{"line":100,"column":85},"skip":true},"27":{"start":{"line":101,"column":20},"end":{"line":101,"column":96},"skip":true},"28":{"start":{"line":103,"column":16},"end":{"line":103,"column":22},"skip":true},"29":{"start":{"line":106,"column":16},"end":{"line":106,"column":22},"skip":true},"30":{"start":{"line":108,"column":12},"end":{"line":120,"column":13},"skip":true},"31":{"start":{"line":114,"column":16},"end":{"line":119,"column":17},"skip":true},"32":{"start":{"line":116,"column":20},"end":{"line":116,"column":78},"skip":true},"33":{"start":{"line":118,"column":20},"end":{"line":118,"column":53},"skip":true},"34":{"start":{"line":123,"column":8},"end":{"line":141,"column":11},"skip":true},"35":{"start":{"line":124,"column":12},"end":{"line":124,"column":54},"skip":true},"36":{"start":{"line":125,"column":12},"end":{"line":140,"column":14},"skip":true},"37":{"start":{"line":126,"column":16},"end":{"line":126,"column":28},"skip":true},"38":{"start":{"line":127,"column":16},"end":{"line":127,"column":69},"skip":true},"39":{"start":{"line":128,"column":16},"end":{"line":128,"column":75},"skip":true},"40":{"start":{"line":129,"column":16},"end":{"line":131,"column":17},"skip":true},"41":{"start":{"line":130,"column":20},"end":{"line":130,"column":27},"skip":true},"42":{"start":{"line":133,"column":16},"end":{"line":137,"column":36},"skip":true},"43":{"start":{"line":134,"column":20},"end":{"line":136,"column":55},"skip":true},"44":{"start":{"line":139,"column":16},"end":{"line":139,"column":57},"skip":true},"45":{"start":{"line":143,"column":8},"end":{"line":147,"column":11},"skip":true},"46":{"start":{"line":144,"column":12},"end":{"line":146,"column":15},"skip":true},"47":{"start":{"line":145,"column":16},"end":{"line":145,"column":70},"skip":true},"48":{"start":{"line":149,"column":8},"end":{"line":149,"column":31},"skip":true},"49":{"start":{"line":150,"column":8},"end":{"line":150,"column":14},"skip":true},"50":{"start":{"line":158,"column":8},"end":{"line":158,"column":31},"skip":true},"51":{"start":{"line":160,"column":8},"end":{"line":160,"column":33},"skip":true},"52":{"start":{"line":161,"column":8},"end":{"line":161,"column":37},"skip":true},"53":{"start":{"line":162,"column":8},"end":{"line":162,"column":35},"skip":true},"54":{"start":{"line":164,"column":8},"end":{"line":164,"column":50},"skip":true},"55":{"start":{"line":166,"column":8},"end":{"line":256,"column":2},"skip":true},"56":{"start":{"line":258,"column":8},"end":{"line":286,"column":9},"skip":true},"57":{"start":{"line":259,"column":12},"end":{"line":269,"column":14},"skip":true},"58":{"start":{"line":271,"column":12},"end":{"line":285,"column":19},"skip":true},"59":{"start":{"line":274,"column":20},"end":{"line":274,"column":35},"skip":true},"60":{"start":{"line":275,"column":20},"end":{"line":284,"column":21},"skip":true},"61":{"start":{"line":277,"column":24},"end":{"line":277,"column":64},"skip":true},"62":{"start":{"line":279,"column":24},"end":{"line":279,"column":40},"skip":true},"63":{"start":{"line":281,"column":24},"end":{"line":281,"column":40},"skip":true},"64":{"start":{"line":283,"column":24},"end":{"line":283,"column":39},"skip":true},"65":{"start":{"line":288,"column":8},"end":{"line":290,"column":9},"skip":true},"66":{"start":{"line":289,"column":12},"end":{"line":289,"column":18},"skip":true},"67":{"start":{"line":291,"column":8},"end":{"line":293,"column":54},"skip":true},"68":{"start":{"line":294,"column":8},"end":{"line":301,"column":37},"skip":true},"69":{"start":{"line":302,"column":8},"end":{"line":302,"column":82},"skip":true},"70":{"start":{"line":305,"column":8},"end":{"line":307,"column":9},"skip":true},"71":{"start":{"line":306,"column":12},"end":{"line":306,"column":82},"skip":true},"72":{"start":{"line":309,"column":8},"end":{"line":311,"column":9},"skip":true},"73":{"start":{"line":310,"column":12},"end":{"line":310,"column":18},"skip":true},"74":{"start":{"line":312,"column":8},"end":{"line":312,"column":54},"skip":true},"75":{"start":{"line":313,"column":8},"end":{"line":313,"column":69},"skip":true},"76":{"start":{"line":314,"column":8},"end":{"line":322,"column":36},"skip":true},"77":{"start":{"line":315,"column":12},"end":{"line":315,"column":61},"skip":true},"78":{"start":{"line":316,"column":12},"end":{"line":319,"column":13},"skip":true},"79":{"start":{"line":317,"column":16},"end":{"line":317,"column":75},"skip":true},"80":{"start":{"line":318,"column":16},"end":{"line":318,"column":23},"skip":true},"81":{"start":{"line":320,"column":12},"end":{"line":320,"column":38},"skip":true},"82":{"start":{"line":321,"column":12},"end":{"line":321,"column":27},"skip":true},"83":{"start":{"line":323,"column":8},"end":{"line":323,"column":14},"skip":true}},"branchMap":{"1":{"line":39,"type":"binary-expr","locations":[{"start":{"line":39,"column":23},"end":{"line":39,"column":62}},{"start":{"line":40,"column":20},"end":{"line":40,"column":70}},{"start":{"line":41,"column":20},"end":{"line":41,"column":71}},{"start":{"line":42,"column":20},"end":{"line":42,"column":29}}]},"2":{"line":44,"type":"binary-expr","locations":[{"start":{"line":44,"column":23},"end":{"line":44,"column":37}},{"start":{"line":45,"column":20},"end":{"line":45,"column":61}},{"start":{"line":46,"column":20},"end":{"line":46,"column":70}},{"start":{"line":47,"column":20},"end":{"line":47,"column":26}}]},"3":{"line":51,"type":"cond-expr","locations":[{"start":{"line":52,"column":14},"end":{"line":52,"column":20}},{"start":{"line":53,"column":14},"end":{"line":53,"column":20}}]},"4":{"line":55,"type":"binary-expr","locations":[{"start":{"line":55,"column":16},"end":{"line":55,"column":44}},{"start":{"line":55,"column":49},"end":{"line":57,"column":43}}]},"5":{"line":55,"type":"cond-expr","locations":[{"start":{"line":56,"column":14},"end":{"line":56,"column":52}},{"start":{"line":57,"column":14},"end":{"line":57,"column":43}}]},"6":{"line":61,"type":"switch","locations":[{"start":{"line":68,"column":4},"end":{"line":150,"column":14},"skip":true},{"start":{"line":156,"column":4},"end":{"line":323,"column":14},"skip":true}]},"7":{"line":70,"type":"if","locations":[{"start":{"line":70,"column":12},"end":{"line":70,"column":12},"skip":true},{"start":{"line":70,"column":12},"end":{"line":70,"column":12},"skip":true}]},"8":{"line":70,"type":"binary-expr","locations":[{"start":{"line":70,"column":16},"end":{"line":70,"column":22},"skip":true},{"start":{"line":70,"column":27},"end":{"line":70,"column":32},"skip":true},{"start":{"line":71,"column":20},"end":{"line":71,"column":39},"skip":true},{"start":{"line":72,"column":20},"end":{"line":72,"column":49},"skip":true},{"start":{"line":73,"column":20},"end":{"line":73,"column":58},"skip":true},{"start":{"line":74,"column":20},"end":{"line":74,"column":69},"skip":true}]},"9":{"line":79,"type":"switch","locations":[{"start":{"line":80,"column":20},"end":{"line":80,"column":33},"skip":true},{"start":{"line":81,"column":20},"end":{"line":83,"column":30},"skip":true},{"start":{"line":84,"column":20},"end":{"line":85,"column":49},"skip":true}]},"10":{"line":89,"type":"switch","locations":[{"start":{"line":90,"column":12},"end":{"line":103,"column":22},"skip":true},{"start":{"line":105,"column":12},"end":{"line":106,"column":22},"skip":true}]},"11":{"line":89,"type":"binary-expr","locations":[{"start":{"line":89,"column":20},"end":{"line":89,"column":25},"skip":true},{"start":{"line":89,"column":29},"end":{"line":89,"column":48},"skip":true},{"start":{"line":89,"column":52},"end":{"line":89,"column":74},"skip":true}]},"12":{"line":92,"type":"if","locations":[{"start":{"line":92,"column":16},"end":{"line":92,"column":16},"skip":true},{"start":{"line":92,"column":16},"end":{"line":92,"column":16},"skip":true}]},"13":{"line":108,"type":"if","locations":[{"start":{"line":108,"column":12},"end":{"line":108,"column":12},"skip":true},{"start":{"line":108,"column":12},"end":{"line":108,"column":12},"skip":true}]},"14":{"line":108,"type":"binary-expr","locations":[{"start":{"line":108,"column":16},"end":{"line":108,"column":61},"skip":true},{"start":{"line":108,"column":66},"end":{"line":108,"column":72},"skip":true},{"start":{"line":108,"column":77},"end":{"line":108,"column":82},"skip":true},{"start":{"line":109,"column":20},"end":{"line":109,"column":39},"skip":true},{"start":{"line":110,"column":20},"end":{"line":110,"column":49},"skip":true},{"start":{"line":111,"column":20},"end":{"line":111,"column":58},"skip":true},{"start":{"line":112,"column":20},"end":{"line":112,"column":68},"skip":true}]},"15":{"line":129,"type":"if","locations":[{"start":{"line":129,"column":16},"end":{"line":129,"column":16},"skip":true},{"start":{"line":129,"column":16},"end":{"line":129,"column":16},"skip":true}]},"16":{"line":134,"type":"cond-expr","locations":[{"start":{"line":135,"column":26},"end":{"line":135,"column":29},"skip":true},{"start":{"line":136,"column":26},"end":{"line":136,"column":54},"skip":true}]},"17":{"line":164,"type":"binary-expr","locations":[{"start":{"line":164,"column":27},"end":{"line":164,"column":43},"skip":true},{"start":{"line":164,"column":47},"end":{"line":164,"column":49},"skip":true}]},"18":{"line":258,"type":"if","locations":[{"start":{"line":258,"column":8},"end":{"line":258,"column":8},"skip":true},{"start":{"line":258,"column":8},"end":{"line":258,"column":8},"skip":true}]},"19":{"line":275,"type":"switch","locations":[{"start":{"line":276,"column":20},"end":{"line":277,"column":64},"skip":true},{"start":{"line":278,"column":20},"end":{"line":279,"column":40},"skip":true},{"start":{"line":280,"column":20},"end":{"line":281,"column":40},"skip":true},{"start":{"line":282,"column":20},"end":{"line":283,"column":39},"skip":true}]},"20":{"line":288,"type":"if","locations":[{"start":{"line":288,"column":8},"end":{"line":288,"column":8},"skip":true},{"start":{"line":288,"column":8},"end":{"line":288,"column":8},"skip":true}]},"21":{"line":288,"type":"binary-expr","locations":[{"start":{"line":288,"column":12},"end":{"line":288,"column":40},"skip":true},{"start":{"line":288,"column":44},"end":{"line":288,"column":67},"skip":true}]},"22":{"line":292,"type":"binary-expr","locations":[{"start":{"line":292,"column":12},"end":{"line":292,"column":50},"skip":true},{"start":{"line":293,"column":12},"end":{"line":293,"column":53},"skip":true}]},"23":{"line":295,"type":"binary-expr","locations":[{"start":{"line":295,"column":12},"end":{"line":295,"column":66},"skip":true},{"start":{"line":296,"column":12},"end":{"line":301,"column":36},"skip":true}]},"24":{"line":302,"type":"binary-expr","locations":[{"start":{"line":302,"column":43},"end":{"line":302,"column":75},"skip":true},{"start":{"line":302,"column":79},"end":{"line":302,"column":81},"skip":true}]},"25":{"line":305,"type":"if","locations":[{"start":{"line":305,"column":8},"end":{"line":305,"column":8},"skip":true},{"start":{"line":305,"column":8},"end":{"line":305,"column":8},"skip":true}]},"26":{"line":309,"type":"if","locations":[{"start":{"line":309,"column":8},"end":{"line":309,"column":8},"skip":true},{"start":{"line":309,"column":8},"end":{"line":309,"column":8},"skip":true}]},"27":{"line":312,"type":"binary-expr","locations":[{"start":{"line":312,"column":27},"end":{"line":312,"column":43},"skip":true},{"start":{"line":312,"column":47},"end":{"line":312,"column":53},"skip":true}]},"28":{"line":316,"type":"if","locations":[{"start":{"line":316,"column":12},"end":{"line":316,"column":12},"skip":true},{"start":{"line":316,"column":12},"end":{"line":316,"column":12},"skip":true}]}},"code":["/*","example.js","","quickstart example","","instruction","    1. save this script as example.js","    2. run the shell command:","        $ npm install npmtest-chart.js && PORT=8081 node example.js","    3. play with the browser-demo on http://127.0.0.1:8081","*/","","","","/* istanbul instrument in package npmtest_chart_js */","/*jslint","    bitwise: true,","    browser: true,","    maxerr: 8,","    maxlen: 96,","    node: true,","    nomen: true,","    regexp: true,","    stupid: true","*/","(function () {","    'use strict';","    var local;","","","","    // run shared js-env code - pre-init","    (function () {","        // init local","        local = {};","        // init modeJs","        local.modeJs = (function () {","            try {","                return typeof navigator.userAgent === 'string' &&","                    typeof document.querySelector('body') === 'object' &&","                    typeof XMLHttpRequest.prototype.open === 'function' &&","                    'browser';","            } catch (errorCaughtBrowser) {","                return module.exports &&","                    typeof process.versions.node === 'string' &&","                    typeof require('http').createServer === 'function' &&","                    'node';","            }","        }());","        // init global","        local.global = local.modeJs === 'browser'","            ? window","            : global;","        // init utility2_rollup","        local = local.global.utility2_rollup || (local.modeJs === 'browser'","            ? local.global.utility2_npmtest_chart_js","            : global.utility2_moduleExports);","        // export local","        local.global.local = local;","    }());","    switch (local.modeJs) {","","","","    // post-init","    // run browser js-env code - post-init","    /* istanbul ignore next */","    case 'browser':","        local.testRunBrowser = function (event) {","            if (!event || (event &&","                    event.currentTarget &&","                    event.currentTarget.className &&","                    event.currentTarget.className.includes &&","                    event.currentTarget.className.includes('onreset'))) {","                // reset output","                Array.from(","                    document.querySelectorAll('body > .resettable')","                ).forEach(function (element) {","                    switch (element.tagName) {","                    case 'INPUT':","                    case 'TEXTAREA':","                        element.value = '';","                        break;","                    default:","                        element.textContent = '';","                    }","                });","            }","            switch (event && event.currentTarget && event.currentTarget.id) {","            case 'testRunButton1':","                // show tests","                if (document.querySelector('#testReportDiv1').style.display === 'none') {","                    document.querySelector('#testReportDiv1').style.display = 'block';","                    document.querySelector('#testRunButton1').textContent =","                        'hide internal test';","                    local.modeTest = true;","                    local.testRunDefault(local);","                // hide tests","                } else {","                    document.querySelector('#testReportDiv1').style.display = 'none';","                    document.querySelector('#testRunButton1').textContent = 'run internal test';","                }","                break;","            // custom-case","            default:","                break;","            }","            if (document.querySelector('#inputTextareaEval1') && (!event || (event &&","                    event.currentTarget &&","                    event.currentTarget.className &&","                    event.currentTarget.className.includes &&","                    event.currentTarget.className.includes('oneval')))) {","                // try to eval input-code","                try {","                    /*jslint evil: true*/","                    eval(document.querySelector('#inputTextareaEval1').value);","                } catch (errorCaught) {","                    console.error(errorCaught.stack);","                }","            }","        };","        // log stderr and stdout to #outputTextareaStdout1","        ['error', 'log'].forEach(function (key) {","            console[key + '_original'] = console[key];","            console[key] = function () {","                var element;","                console[key + '_original'].apply(console, arguments);","                element = document.querySelector('#outputTextareaStdout1');","                if (!element) {","                    return;","                }","                // append text to #outputTextareaStdout1","                element.value += Array.from(arguments).map(function (arg) {","                    return typeof arg === 'string'","                        ? arg","                        : JSON.stringify(arg, null, 4);","                }).join(' ') + '\\n';","                // scroll textarea to bottom","                element.scrollTop = element.scrollHeight;","            };","        });","        // init event-handling","        ['change', 'click', 'keyup'].forEach(function (event) {","            Array.from(document.querySelectorAll('.on' + event)).forEach(function (element) {","                element.addEventListener(event, local.testRunBrowser);","            });","        });","        // run tests","        local.testRunBrowser();","        break;","","","","    // run node js-env code - post-init","    /* istanbul ignore next */","    case 'node':","        // export local","        module.exports = local;","        // require modules","        local.fs = require('fs');","        local.http = require('http');","        local.url = require('url');","        // init assets","        local.assetsDict = local.assetsDict || {};","        /* jslint-ignore-begin */","        local.assetsDict['/assets.index.template.html'] = '\\","<!doctype html>\\n\\","<html lang=\"en\">\\n\\","<head>\\n\\","<meta charset=\"UTF-8\">\\n\\","<meta name=\"viewport\" content=\"width=device-width, initial-scale=1\">\\n\\","<title>{{env.npm_package_name}} (v{{env.npm_package_version}})</title>\\n\\","<style>\\n\\","/*csslint\\n\\","    box-sizing: false,\\n\\","    universal-selector: false\\n\\","*/\\n\\","* {\\n\\","    box-sizing: border-box;\\n\\","}\\n\\","body {\\n\\","    background: #dde;\\n\\","    font-family: Arial, Helvetica, sans-serif;\\n\\","    margin: 2rem;\\n\\","}\\n\\","body > * {\\n\\","    margin-bottom: 1rem;\\n\\","}\\n\\",".utility2FooterDiv {\\n\\","    margin-top: 20px;\\n\\","    text-align: center;\\n\\","}\\n\\","</style>\\n\\","<style>\\n\\","/*csslint\\n\\","*/\\n\\","textarea {\\n\\","    font-family: monospace;\\n\\","    height: 10rem;\\n\\","    width: 100%;\\n\\","}\\n\\","textarea[readonly] {\\n\\","    background: #ddd;\\n\\","}\\n\\","</style>\\n\\","</head>\\n\\","<body>\\n\\","<!-- utility2-comment\\n\\","<div id=\"ajaxProgressDiv1\" style=\"background: #d00; height: 2px; left: 0; margin: 0; padding: 0; position: fixed; top: 0; transition: background 0.5s, width 1.5s; width: 25%;\"></div>\\n\\","utility2-comment -->\\n\\","<h1>\\n\\","<!-- utility2-comment\\n\\","    <a\\n\\","        {{#if env.npm_package_homepage}}\\n\\","        href=\"{{env.npm_package_homepage}}\"\\n\\","        {{/if env.npm_package_homepage}}\\n\\","        target=\"_blank\"\\n\\","    >\\n\\","utility2-comment -->\\n\\","        {{env.npm_package_name}} (v{{env.npm_package_version}})\\n\\","<!-- utility2-comment\\n\\","    </a>\\n\\","utility2-comment -->\\n\\","</h1>\\n\\","<h3>{{env.npm_package_description}}</h3>\\n\\","<!-- utility2-comment\\n\\","<h4><a download href=\"assets.app.js\">download standalone app</a></h4>\\n\\","<button class=\"onclick onreset\" id=\"testRunButton1\">run internal test</button><br>\\n\\","<div id=\"testReportDiv1\" style=\"display: none;\"></div>\\n\\","utility2-comment -->\\n\\","\\n\\","\\n\\","\\n\\","<label>stderr and stdout</label>\\n\\","<textarea class=\"resettable\" id=\"outputTextareaStdout1\" readonly></textarea>\\n\\","<!-- utility2-comment\\n\\","{{#if isRollup}}\\n\\","<script src=\"assets.app.js\"></script>\\n\\","{{#unless isRollup}}\\n\\","utility2-comment -->\\n\\","<script src=\"assets.utility2.rollup.js\"></script>\\n\\","<script src=\"jsonp.utility2._stateInit?callback=window.utility2._stateInit\"></script>\\n\\","<script src=\"assets.npmtest_chart_js.rollup.js\"></script>\\n\\","<script src=\"assets.example.js\"></script>\\n\\","<script src=\"assets.test.js\"></script>\\n\\","<!-- utility2-comment\\n\\","{{/if isRollup}}\\n\\","utility2-comment -->\\n\\","<div class=\"utility2FooterDiv\">\\n\\","    [ this app was created with\\n\\","    <a href=\"https://github.com/kaizhu256/node-utility2\" target=\"_blank\">utility2</a>\\n\\","    ]\\n\\","</div>\\n\\","</body>\\n\\","</html>\\n\\","';","        /* jslint-ignore-end */","        if (local.templateRender) {","            local.assetsDict['/'] = local.templateRender(","                local.assetsDict['/assets.index.template.html'],","                {","                    env: local.objectSetDefault(local.env, {","                        npm_package_description: 'the greatest app in the world!',","                        npm_package_name: 'my-app',","                        npm_package_nameAlias: 'my_app',","                        npm_package_version: '0.0.1'","                    })","                }","            );","        } else {","            local.assetsDict['/'] = local.assetsDict['/assets.index.template.html']","                .replace((/\\{\\{env\\.(\\w+?)\\}\\}/g), function (match0, match1) {","                    // jslint-hack","                    String(match0);","                    switch (match1) {","                    case 'npm_package_description':","                        return 'the greatest app in the world!';","                    case 'npm_package_name':","                        return 'my-app';","                    case 'npm_package_nameAlias':","                        return 'my_app';","                    case 'npm_package_version':","                        return '0.0.1';","                    }","                });","        }","        // run the cli","        if (local.global.utility2_rollup || module !== require.main) {","            break;","        }","        local.assetsDict['/assets.example.js'] =","            local.assetsDict['/assets.example.js'] ||","            local.fs.readFileSync(__filename, 'utf8');","        local.assetsDict['/assets.npmtest_chart_js.rollup.js'] =","            local.assetsDict['/assets.npmtest_chart_js.rollup.js'] ||","            local.fs.readFileSync(","                // buildCustomOrg-hack","                local.npmtest_chart_js.__dirname +","                    '/lib.npmtest_chart_js.js',","                'utf8'","            ).replace((/^#!/), '//');","        local.assetsDict['/favicon.ico'] = local.assetsDict['/favicon.ico'] || '';","        // if $npm_config_timeout_exit exists,","        // then exit this process after $npm_config_timeout_exit ms","        if (Number(process.env.npm_config_timeout_exit)) {","            setTimeout(process.exit, Number(process.env.npm_config_timeout_exit));","        }","        // start server","        if (local.global.utility2_serverHttp1) {","            break;","        }","        process.env.PORT = process.env.PORT || '8081';","        console.error('server starting on port ' + process.env.PORT);","        local.http.createServer(function (request, response) {","            request.urlParsed = local.url.parse(request.url);","            if (local.assetsDict[request.urlParsed.pathname] !== undefined) {","                response.end(local.assetsDict[request.urlParsed.pathname]);","                return;","            }","            response.statusCode = 404;","            response.end();","        }).listen(process.env.PORT);","        break;","    }","}());",""],"l":{"26":1,"28":1,"33":1,"35":1,"37":1,"38":1,"39":1,"44":1,"51":1,"55":1,"59":1,"61":1,"69":1,"70":1,"76":1,"79":1,"82":1,"83":1,"85":1,"89":1,"92":1,"93":1,"94":1,"96":1,"97":1,"100":1,"101":1,"103":1,"106":1,"108":1,"114":1,"116":1,"118":1,"123":1,"124":1,"125":1,"126":1,"127":1,"128":1,"129":1,"130":1,"133":1,"134":1,"139":1,"143":1,"144":1,"145":1,"149":1,"150":1,"158":1,"160":1,"161":1,"162":1,"164":1,"166":1,"258":1,"259":1,"271":1,"274":6,"275":6,"277":1,"279":2,"281":1,"283":2,"288":1,"289":1,"291":1,"294":1,"302":1,"305":1,"306":1,"309":1,"310":1,"312":1,"313":1,"314":1,"315":1,"316":1,"317":1,"318":1,"320":1,"321":1,"323":1}},"/home/travis/build/npmtest/node-npmtest-chart.js/chart.js/src/chart.js":{"path":"/home/travis/build/npmtest/node-npmtest-chart.js/chart.js/src/chart.js","s":{"1":1,"2":1,"3":0,"4":0,"5":0,"6":0,"7":0,"8":0,"9":0,"10":0,"11":0,"12":0,"13":0,"14":0,"15":0,"16":0,"17":0,"18":0,"19":0,"20":0,"21":0,"22":0,"23":0,"24":0,"25":0,"26":0,"27":0,"28":0,"29":0,"30":0,"31":0,"32":0,"33":0,"34":0,"35":0,"36":0,"37":0,"38":0,"39":0,"40":0,"41":0},"b":{},"f":{},"fnMap":{},"statementMap":{"1":{"start":{"line":4,"column":0},"end":{"line":4,"column":40}},"2":{"start":{"line":6,"column":0},"end":{"line":6,"column":38}},"3":{"start":{"line":7,"column":0},"end":{"line":7,"column":42}},"4":{"start":{"line":8,"column":0},"end":{"line":8,"column":44}},"5":{"start":{"line":9,"column":0},"end":{"line":9,"column":40}},"6":{"start":{"line":10,"column":0},"end":{"line":10,"column":38}},"7":{"start":{"line":11,"column":0},"end":{"line":11,"column":40}},"8":{"start":{"line":12,"column":0},"end":{"line":12,"column":41}},"9":{"start":{"line":13,"column":0},"end":{"line":13,"column":48}},"10":{"start":{"line":14,"column":0},"end":{"line":14,"column":44}},"11":{"start":{"line":15,"column":0},"end":{"line":15,"column":43}},"12":{"start":{"line":16,"column":0},"end":{"line":16,"column":39}},"13":{"start":{"line":17,"column":0},"end":{"line":17,"column":36}},"14":{"start":{"line":18,"column":0},"end":{"line":18,"column":36}},"15":{"start":{"line":19,"column":0},"end":{"line":19,"column":37}},"16":{"start":{"line":20,"column":0},"end":{"line":20,"column":42}},"17":{"start":{"line":21,"column":0},"end":{"line":21,"column":38}},"18":{"start":{"line":23,"column":0},"end":{"line":23,"column":41}},"19":{"start":{"line":24,"column":0},"end":{"line":24,"column":42}},"20":{"start":{"line":25,"column":0},"end":{"line":25,"column":43}},"21":{"start":{"line":26,"column":0},"end":{"line":26,"column":47}},"22":{"start":{"line":28,"column":0},"end":{"line":28,"column":47}},"23":{"start":{"line":29,"column":0},"end":{"line":29,"column":42}},"24":{"start":{"line":30,"column":0},"end":{"line":30,"column":40}},"25":{"start":{"line":31,"column":0},"end":{"line":31,"column":45}},"26":{"start":{"line":32,"column":0},"end":{"line":32,"column":46}},"27":{"start":{"line":33,"column":0},"end":{"line":33,"column":38}},"28":{"start":{"line":37,"column":0},"end":{"line":37,"column":47}},"29":{"start":{"line":38,"column":0},"end":{"line":38,"column":50}},"30":{"start":{"line":39,"column":0},"end":{"line":39,"column":52}},"31":{"start":{"line":40,"column":0},"end":{"line":40,"column":48}},"32":{"start":{"line":41,"column":0},"end":{"line":41,"column":53}},"33":{"start":{"line":42,"column":0},"end":{"line":42,"column":49}},"34":{"start":{"line":44,"column":0},"end":{"line":44,"column":37}},"35":{"start":{"line":45,"column":0},"end":{"line":45,"column":40}},"36":{"start":{"line":46,"column":0},"end":{"line":46,"column":42}},"37":{"start":{"line":47,"column":0},"end":{"line":47,"column":38}},"38":{"start":{"line":48,"column":0},"end":{"line":48,"column":43}},"39":{"start":{"line":49,"column":0},"end":{"line":49,"column":39}},"40":{"start":{"line":50,"column":0},"end":{"line":50,"column":41}},"41":{"start":{"line":52,"column":0},"end":{"line":52,"column":38}}},"branchMap":{},"code":["/**"," * @namespace Chart"," */","var Chart = require('./core/core.js')();","","require('./core/core.helpers')(Chart);","require('./platforms/platform.js')(Chart);","require('./core/core.canvasHelpers')(Chart);","require('./core/core.plugin.js')(Chart);","require('./core/core.element')(Chart);","require('./core/core.animation')(Chart);","require('./core/core.controller')(Chart);","require('./core/core.datasetController')(Chart);","require('./core/core.layoutService')(Chart);","require('./core/core.scaleService')(Chart);","require('./core/core.ticks.js')(Chart);","require('./core/core.scale')(Chart);","require('./core/core.title')(Chart);","require('./core/core.legend')(Chart);","require('./core/core.interaction')(Chart);","require('./core/core.tooltip')(Chart);","","require('./elements/element.arc')(Chart);","require('./elements/element.line')(Chart);","require('./elements/element.point')(Chart);","require('./elements/element.rectangle')(Chart);","","require('./scales/scale.linearbase.js')(Chart);","require('./scales/scale.category')(Chart);","require('./scales/scale.linear')(Chart);","require('./scales/scale.logarithmic')(Chart);","require('./scales/scale.radialLinear')(Chart);","require('./scales/scale.time')(Chart);","","// Controllers must be loaded after elements","// See Chart.core.datasetController.dataElementType","require('./controllers/controller.bar')(Chart);","require('./controllers/controller.bubble')(Chart);","require('./controllers/controller.doughnut')(Chart);","require('./controllers/controller.line')(Chart);","require('./controllers/controller.polarArea')(Chart);","require('./controllers/controller.radar')(Chart);","","require('./charts/Chart.Bar')(Chart);","require('./charts/Chart.Bubble')(Chart);","require('./charts/Chart.Doughnut')(Chart);","require('./charts/Chart.Line')(Chart);","require('./charts/Chart.PolarArea')(Chart);","require('./charts/Chart.Radar')(Chart);","require('./charts/Chart.Scatter')(Chart);","","window.Chart = module.exports = Chart;",""],"l":{"4":1,"6":1,"7":0,"8":0,"9":0,"10":0,"11":0,"12":0,"13":0,"14":0,"15":0,"16":0,"17":0,"18":0,"19":0,"20":0,"21":0,"23":0,"24":0,"25":0,"26":0,"28":0,"29":0,"30":0,"31":0,"32":0,"33":0,"37":0,"38":0,"39":0,"40":0,"41":0,"42":0,"44":0,"45":0,"46":0,"47":0,"48":0,"49":0,"50":0,"52":0}},"/home/travis/build/npmtest/node-npmtest-chart.js/chart.js/src/core/core.js":{"path":"/home/travis/build/npmtest/node-npmtest-chart.js/chart.js/src/core/core.js","s":{"1":1,"2":1,"3":0,"4":0,"5":1,"6":0,"7":0,"8":0,"9":0,"10":0,"11":0,"12":0,"13":0,"14":0,"15":1,"16":1},"b":{"1":[0,0]},"f":{"1":1,"2":0,"3":0},"fnMap":{"1":{"name":"(anonymous_1)","line":3,"loc":{"start":{"line":3,"column":17},"end":{"line":3,"column":28}}},"2":{"name":"(anonymous_2)","line":6,"loc":{"start":{"line":6,"column":13},"end":{"line":6,"column":36}}},"3":{"name":"(anonymous_3)","line":36,"loc":{"start":{"line":36,"column":19},"end":{"line":36,"column":35}}}},"statementMap":{"1":{"start":{"line":3,"column":0},"end":{"line":56,"column":2}},"2":{"start":{"line":6,"column":1},"end":{"line":9,"column":3}},"3":{"start":{"line":7,"column":2},"end":{"line":7,"column":61}},"4":{"start":{"line":8,"column":2},"end":{"line":8,"column":25}},"5":{"start":{"line":12,"column":1},"end":{"line":51,"column":3}},"6":{"start":{"line":37,"column":4},"end":{"line":37,"column":18}},"7":{"start":{"line":38,"column":4},"end":{"line":38,"column":54}},"8":{"start":{"line":39,"column":4},"end":{"line":45,"column":5}},"9":{"start":{"line":40,"column":5},"end":{"line":40,"column":108}},"10":{"start":{"line":41,"column":5},"end":{"line":43,"column":6}},"11":{"start":{"line":42,"column":6},"end":{"line":42,"column":46}},"12":{"start":{"line":44,"column":5},"end":{"line":44,"column":24}},"13":{"start":{"line":46,"column":4},"end":{"line":46,"column":23}},"14":{"start":{"line":48,"column":4},"end":{"line":48,"column":25}},"15":{"start":{"line":53,"column":1},"end":{"line":53,"column":21}},"16":{"start":{"line":55,"column":1},"end":{"line":55,"column":14}}},"branchMap":{"1":{"line":41,"type":"if","locations":[{"start":{"line":41,"column":5},"end":{"line":41,"column":5}},{"start":{"line":41,"column":5},"end":{"line":41,"column":5}}]}},"code":["'use strict';","","module.exports = function() {","","\t// Occupy the global variable of Chart, and create a simple base class","\tvar Chart = function(item, config) {","\t\tthis.controller = new Chart.Controller(item, config, this);","\t\treturn this.controller;","\t};","","\t// Globally expose the defaults to allow for user updating/changing","\tChart.defaults = {","\t\tglobal: {","\t\t\tresponsive: true,","\t\t\tresponsiveAnimationDuration: 0,","\t\t\tmaintainAspectRatio: true,","\t\t\tevents: ['mousemove', 'mouseout', 'click', 'touchstart', 'touchmove'],","\t\t\thover: {","\t\t\t\tonHover: null,","\t\t\t\tmode: 'nearest',","\t\t\t\tintersect: true,","\t\t\t\tanimationDuration: 400","\t\t\t},","\t\t\tonClick: null,","\t\t\tdefaultColor: 'rgba(0,0,0,0.1)',","\t\t\tdefaultFontColor: '#666',","\t\t\tdefaultFontFamily: \"'Helvetica Neue', 'Helvetica', 'Arial', sans-serif\",","\t\t\tdefaultFontSize: 12,","\t\t\tdefaultFontStyle: 'normal',","\t\t\tshowLines: true,","","\t\t\t// Element defaults defined in element extensions","\t\t\telements: {},","","\t\t\t// Legend callback string","\t\t\tlegendCallback: function(chart) {","\t\t\t\tvar text = [];","\t\t\t\ttext.push('<ul class=\"' + chart.id + '-legend\">');","\t\t\t\tfor (var i = 0; i < chart.data.datasets.length; i++) {","\t\t\t\t\ttext.push('<li><span style=\"background-color:' + chart.data.datasets[i].backgroundColor + '\"></span>');","\t\t\t\t\tif (chart.data.datasets[i].label) {","\t\t\t\t\t\ttext.push(chart.data.datasets[i].label);","\t\t\t\t\t}","\t\t\t\t\ttext.push('</li>');","\t\t\t\t}","\t\t\t\ttext.push('</ul>');","","\t\t\t\treturn text.join('');","\t\t\t}","\t\t}","\t};","","\tChart.Chart = Chart;","","\treturn Chart;","};",""],"l":{"3":1,"6":1,"7":0,"8":0,"12":1,"37":0,"38":0,"39":0,"40":0,"41":0,"42":0,"44":0,"46":0,"48":0,"53":1,"55":1}},"/home/travis/build/npmtest/node-npmtest-chart.js/chart.js/src/core/core.helpers.js":{"path":"/home/travis/build/npmtest/node-npmtest-chart.js/chart.js/src/core/core.helpers.js","s":{"1":1,"2":1,"3":1,"4":1,"5":0,"6":0,"7":0,"8":0,"9":0,"10":0,"11":0,"12":0,"13":0,"14":0,"15":0,"16":0,"17":0,"18":1,"19":0,"20":0,"21":0,"22":0,"23":0,"24":0,"25":0,"26":0,"27":1,"28":0,"29":0,"30":0,"31":0,"32":0,"33":1,"34":0,"35":0,"36":0,"37":0,"38":0,"39":0,"40":0,"41":0,"42":0,"43":0,"44":0,"45":0,"46":0,"47":1,"48":0,"49":0,"50":0,"51":0,"52":0,"53":0,"54":0,"55":0,"56":0,"57":0,"58":0,"59":0,"60":0,"61":0,"62":0,"63":0,"64":0,"65":0,"66":0,"67":0,"68":1,"69":0,"70":0,"71":0,"72":0,"73":0,"74":1,"75":0,"76":1,"77":0,"78":0,"79":0,"80":0,"81":0,"82":1,"83":0,"84":0,"85":0,"86":0,"87":0,"88":0,"89":0,"90":1,"91":0,"92":0,"93":0,"94":0,"95":0,"96":0,"97":1,"98":0,"99":0,"100":0,"101":0,"102":0,"103":0,"104":1,"105":0,"106":0,"107":0,"108":0,"109":0,"110":0,"111":1,"112":0,"113":0,"114":0,"115":0,"116":0,"117":0,"118":0,"119":0,"120":0,"121":0,"122":0,"123":0,"124":1,"125":1,"126":1,"127":1,"128":0,"129":1,"130":0,"131":1,"132":0,"133":1,"134":0,"135":0,"136":1,"137":0,"138":0,"139":0,"140":0,"141":1,"142":0,"143":0,"144":0,"145":0,"146":1,"147":0,"148":0,"149":0,"150":0,"151":0,"152":1,"153":0,"154":0,"155":1,"156":0,"157":1,"158":0,"159":1,"160":0,"161":0,"162":0,"163":0,"164":0,"165":1,"166":0,"167":1,"168":0,"169":1,"170":0,"171":0,"172":0,"173":0,"174":0,"175":0,"176":0,"177":0,"178":0,"179":0,"180":1,"181":1,"182":0,"183":0,"184":0,"185":0,"186":0,"187":0,"188":0,"189":0,"190":0,"191":0,"192":0,"193":0,"194":0,"195":0,"196":0,"197":0,"198":0,"199":0,"200":0,"201":0,"202":0,"203":0,"204":0,"205":0,"206":0,"207":0,"208":0,"209":0,"210":0,"211":0,"212":0,"213":0,"214":0,"215":0,"216":0,"217":0,"218":0,"219":0,"220":0,"221":0,"222":0,"223":0,"224":0,"225":0,"226":0,"227":0,"228":0,"229":0,"230":0,"231":0,"232":0,"233":0,"234":1,"235":0,"236":0,"237":0,"238":1,"239":0,"240":0,"241":0,"242":1,"243":0,"244":0,"245":0,"246":0,"247":0,"248":0,"249":0,"250":0,"251":0,"252":0,"253":0,"254":0,"255":0,"256":0,"257":0,"258":0,"259":0,"260":0,"261":0,"262":1,"263":0,"264":0,"265":0,"266":0,"267":0,"268":0,"269":0,"270":0,"271":0,"272":0,"273":0,"274":0,"275":0,"276":0,"277":0,"278":0,"279":0,"280":0,"281":0,"282":0,"283":0,"284":0,"285":0,"286":0,"287":0,"288":0,"289":0,"290":0,"291":0,"292":0,"293":0,"294":0,"295":0,"296":0,"297":0,"298":0,"299":0,"300":0,"301":0,"302":0,"303":0,"304":0,"305":0,"306":0,"307":0,"308":0,"309":0,"310":0,"311":0,"312":0,"313":0,"314":0,"315":0,"316":0,"317":0,"318":0,"319":0,"320":0,"321":0,"322":0,"323":0,"324":0,"325":0,"326":0,"327":0,"328":0,"329":0,"330":0,"331":0,"332":0,"333":0,"334":0,"335":0,"336":0,"337":0,"338":0,"339":0,"340":0,"341":0,"342":0,"343":0,"344":0,"345":0,"346":0,"347":0,"348":0,"349":0,"350":0,"351":0,"352":0,"353":0,"354":0,"355":0,"356":0,"357":0,"358":0,"359":0,"360":0,"361":0,"362":0,"363":0,"364":0,"365":0,"366":1,"367":1,"368":0,"369":0,"370":0,"371":0,"372":0,"373":0,"374":0,"375":0,"376":0,"377":0,"378":0,"379":0,"380":0,"381":0,"382":0,"383":0,"384":0,"385":0,"386":0,"387":0,"388":0,"389":0,"390":0,"391":0,"392":0,"393":0,"394":0,"395":0,"396":0,"397":0,"398":0,"399":1,"400":0,"401":0,"402":0,"403":0,"404":0,"405":0,"406":0,"407":1,"408":0,"409":1,"410":0,"411":0,"412":0,"413":0,"414":0,"415":0,"416":0,"417":0,"418":0,"419":0,"420":0,"421":0,"422":0,"423":0,"424":0,"425":0,"426":0,"427":0,"428":0,"429":0,"430":0,"431":0,"432":0,"433":0,"434":0,"435":0,"436":0,"437":0,"438":0,"439":0,"440":0,"441":0,"442":0,"443":0,"444":0,"445":0,"446":0,"447":0,"448":0,"449":0,"450":0,"451":0,"452":0,"453":0,"454":0,"455":0,"456":0,"457":0,"458":0,"459":0,"460":0,"461":0,"462":0,"463":0,"464":0,"465":0,"466":0,"467":0,"468":0,"469":0,"470":0,"471":0,"472":0,"473":0,"474":0,"475":0,"476":0,"477":0,"478":0,"479":0,"480":0,"481":0,"482":0,"483":0,"484":0,"485":0,"486":0,"487":0,"488":0,"489":0,"490":0,"491":0,"492":0,"493":0,"494":0,"495":0,"496":0,"497":0,"498":0,"499":0,"500":0,"501":0,"502":0,"503":0,"504":0,"505":0,"506":0,"507":0,"508":0,"509":0,"510":0,"511":0,"512":0,"513":0,"514":0,"515":0,"516":0,"517":0,"518":0,"519":0,"520":0,"521":0,"522":0,"523":0,"524":0,"525":0,"526":0,"527":0,"528":0,"529":0,"530":0,"531":0,"532":0,"533":0},"b":{"1":[0,0],"2":[0,0],"3":[0,0],"4":[0,0],"5":[0,0],"6":[0,0],"7":[0,0],"8":[0,0],"9":[0,0],"10":[0,0],"11":[0,0,0,0,0,0],"12":[0,0],"13":[0,0],"14":[0,0],"15":[0,0],"16":[0,0],"17":[0,0],"18":[0,0],"19":[0,0],"20":[0,0],"21":[0,0],"22":[0,0,0,0],"23":[0,0],"24":[0,0],"25":[0,0],"26":[0,0],"27":[0,0],"28":[1,0],"29":[0,0],"30":[0,0],"31":[0,0],"32":[0,0],"33":[1,0],"34":[0,0],"35":[0,0],"36":[0,0],"37":[0,0],"38":[0,0],"39":[0,0],"40":[0,0],"41":[0,0],"42":[0,0],"43":[0,0],"44":[0,0],"45":[0,0],"46":[0,0],"47":[0,0],"48":[0,0],"49":[1,0],"50":[0,0],"51":[0,0],"52":[0,0],"53":[1,0],"54":[0,0],"55":[0,0],"56":[0,0],"57":[0,0],"58":[0,0],"59":[0,0],"60":[1,0],"61":[0,0],"62":[0,0],"63":[0,0],"64":[0,0],"65":[0,0],"66":[0,0],"67":[0,0],"68":[0,0],"69":[0,0],"70":[0,0],"71":[0,0],"72":[0,0],"73":[0,0],"74":[0,0],"75":[0,0],"76":[0,0],"77":[0,0],"78":[0,0],"79":[0,0],"80":[0,0],"81":[0,0],"82":[0,0],"83":[0,0],"84":[0,0],"85":[0,0],"86":[0,0],"87":[0,0],"88":[0,0],"89":[0,0],"90":[0,0],"91":[0,0],"92":[0,0],"93":[0,0],"94":[0,0],"95":[0,0],"96":[0,0],"97":[0,0],"98":[0,0],"99":[0,0],"100":[0,0],"101":[0,0],"102":[0,0],"103":[0,0],"104":[0,0],"105":[0,0],"106":[0,0],"107":[0,0],"108":[0,0],"109":[0,0],"110":[0,0],"111":[0,0],"112":[0,0],"113":[0,0],"114":[0,0],"115":[0,0],"116":[0,0],"117":[0,0],"118":[0,0],"119":[0,0],"120":[0,0],"121":[0,0],"122":[0,0],"123":[0,0],"124":[0,0],"125":[0,0],"126":[1,0,0,0,0,0],"127":[0,0],"128":[0,0],"129":[0,0],"130":[0,0],"131":[0,0],"132":[0,0],"133":[0,0],"134":[0,0],"135":[0,0],"136":[0,0],"137":[0,0,0],"138":[0,0],"139":[0,0],"140":[0,0],"141":[0,0],"142":[0,0],"143":[0,0],"144":[0,0],"145":[0,0],"146":[0,0],"147":[0,0],"148":[0,0],"149":[0,0],"150":[0,0],"151":[0,0],"152":[0,0,0],"153":[0,0],"154":[0,0],"155":[0,0,0],"156":[0,0],"157":[0,0],"158":[0,0],"159":[0,0],"160":[0,0],"161":[0,0],"162":[0,0],"163":[0,0],"164":[0,0],"165":[0,0,0],"166":[0,0],"167":[0,0],"168":[0,0],"169":[0,0],"170":[0,0],"171":[0,0],"172":[0,0]},"f":{"1":1,"2":0,"3":0,"4":0,"5":0,"6":0,"7":0,"8":0,"9":0,"10":0,"11":0,"12":0,"13":0,"14":0,"15":0,"16":0,"17":0,"18":0,"19":0,"20":0,"21":0,"22":0,"23":0,"24":0,"25":0,"26":0,"27":0,"28":1,"29":0,"30":0,"31":0,"32":0,"33":0,"34":0,"35":0,"36":0,"37":0,"38":0,"39":0,"40":0,"41":0,"42":0,"43":0,"44":0,"45":0,"46":0,"47":0,"48":0,"49":0,"50":0,"51":0,"52":0,"53":0,"54":0,"55":0,"56":0,"57":0,"58":0,"59":0,"60":0,"61":0,"62":0,"63":0,"64":0,"65":0,"66":0,"67":0,"68":0,"69":0,"70":0,"71":0,"72":0,"73":0,"74":0,"75":0,"76":0,"77":0,"78":0,"79":0,"80":0,"81":0,"82":0,"83":1,"84":0,"85":0,"86":0,"87":0,"88":0,"89":0,"90":0,"91":0,"92":0,"93":0,"94":0,"95":0,"96":0,"97":0,"98":0,"99":0,"100":0,"101":0,"102":0,"103":0,"104":0,"105":0,"106":0,"107":0,"108":0,"109":0,"110":0,"111":0},"fnMap":{"1":{"name":"(anonymous_1)","line":7,"loc":{"start":{"line":7,"column":17},"end":{"line":7,"column":33}}},"2":{"name":"(anonymous_2)","line":12,"loc":{"start":{"line":12,"column":16},"end":{"line":12,"column":60}}},"3":{"name":"(anonymous_3)","line":34,"loc":{"start":{"line":34,"column":17},"end":{"line":34,"column":31}}},"4":{"name":"(anonymous_4)","line":36,"loc":{"start":{"line":36,"column":20},"end":{"line":36,"column":41}}},"5":{"name":"(anonymous_5)","line":47,"loc":{"start":{"line":47,"column":18},"end":{"line":47,"column":33}}},"6":{"name":"(anonymous_6)","line":48,"loc":{"start":{"line":48,"column":14},"end":{"line":48,"column":35}}},"7":{"name":"(anonymous_7)","line":57,"loc":{"start":{"line":57,"column":23},"end":{"line":57,"column":39}}},"8":{"name":"(anonymous_8)","line":59,"loc":{"start":{"line":59,"column":57},"end":{"line":59,"column":77}}},"9":{"name":"(anonymous_9)","line":60,"loc":{"start":{"line":60,"column":27},"end":{"line":60,"column":48}}},"10":{"name":"(anonymous_10)","line":87,"loc":{"start":{"line":87,"column":22},"end":{"line":87,"column":49}}},"11":{"name":"(anonymous_11)","line":90,"loc":{"start":{"line":90,"column":26},"end":{"line":90,"column":47}}},"12":{"name":"(anonymous_12)","line":94,"loc":{"start":{"line":94,"column":25},"end":{"line":94,"column":51}}},"13":{"name":"(anonymous_13)","line":109,"loc":{"start":{"line":109,"column":25},"end":{"line":109,"column":44}}},"14":{"name":"(anonymous_14)","line":126,"loc":{"start":{"line":126,"column":36},"end":{"line":126,"column":73}}},"15":{"name":"(anonymous_15)","line":137,"loc":{"start":{"line":137,"column":29},"end":{"line":137,"column":59}}},"16":{"name":"(anonymous_16)","line":141,"loc":{"start":{"line":141,"column":2},"end":{"line":141,"column":24}}},"17":{"name":"(anonymous_17)","line":144,"loc":{"start":{"line":144,"column":2},"end":{"line":144,"column":24}}},"18":{"name":"(anonymous_18)","line":152,"loc":{"start":{"line":152,"column":17},"end":{"line":152,"column":54}}},"19":{"name":"(anonymous_19)","line":158,"loc":{"start":{"line":158,"column":27},"end":{"line":158,"column":42}}},"20":{"name":"(anonymous_20)","line":167,"loc":{"start":{"line":167,"column":2},"end":{"line":167,"column":35}}},"21":{"name":"(anonymous_21)","line":170,"loc":{"start":{"line":170,"column":2},"end":{"line":170,"column":35}}},"22":{"name":"(anonymous_22)","line":179,"loc":{"start":{"line":179,"column":25},"end":{"line":179,"column":77}}},"23":{"name":"(anonymous_23)","line":191,"loc":{"start":{"line":191,"column":29},"end":{"line":191,"column":81}}},"24":{"name":"(anonymous_24)","line":203,"loc":{"start":{"line":203,"column":20},"end":{"line":203,"column":41}}},"25":{"name":"(anonymous_25)","line":206,"loc":{"start":{"line":206,"column":105},"end":{"line":206,"column":116}}},"26":{"name":"(anonymous_26)","line":210,"loc":{"start":{"line":210,"column":18},"end":{"line":210,"column":29}}},"27":{"name":"(anonymous_27)","line":226,"loc":{"start":{"line":226,"column":16},"end":{"line":226,"column":27}}},"28":{"name":"(anonymous_28)","line":227,"loc":{"start":{"line":227,"column":16},"end":{"line":227,"column":27}}},"29":{"name":"(anonymous_29)","line":229,"loc":{"start":{"line":229,"column":9},"end":{"line":229,"column":20}}},"30":{"name":"(anonymous_30)","line":234,"loc":{"start":{"line":234,"column":20},"end":{"line":234,"column":32}}},"31":{"name":"(anonymous_31)","line":237,"loc":{"start":{"line":237,"column":24},"end":{"line":237,"column":48}}},"32":{"name":"(anonymous_32)","line":240,"loc":{"start":{"line":240,"column":23},"end":{"line":240,"column":44}}},"33":{"name":"(anonymous_33)","line":244,"loc":{"start":{"line":244,"column":15},"end":{"line":244,"column":31}}},"34":{"name":"(anonymous_34)","line":245,"loc":{"start":{"line":245,"column":22},"end":{"line":245,"column":43}}},"35":{"name":"(anonymous_35)","line":252,"loc":{"start":{"line":252,"column":15},"end":{"line":252,"column":31}}},"36":{"name":"(anonymous_36)","line":253,"loc":{"start":{"line":253,"column":22},"end":{"line":253,"column":43}}},"37":{"name":"(anonymous_37)","line":261,"loc":{"start":{"line":261,"column":2},"end":{"line":261,"column":14}}},"38":{"name":"(anonymous_38)","line":264,"loc":{"start":{"line":264,"column":2},"end":{"line":264,"column":14}}},"39":{"name":"(anonymous_39)","line":272,"loc":{"start":{"line":272,"column":2},"end":{"line":272,"column":14}}},"40":{"name":"(anonymous_40)","line":275,"loc":{"start":{"line":275,"column":2},"end":{"line":275,"column":14}}},"41":{"name":"(anonymous_41)","line":278,"loc":{"start":{"line":278,"column":21},"end":{"line":278,"column":39}}},"42":{"name":"(anonymous_42)","line":281,"loc":{"start":{"line":281,"column":21},"end":{"line":281,"column":39}}},"43":{"name":"(anonymous_43)","line":285,"loc":{"start":{"line":285,"column":29},"end":{"line":285,"column":63}}},"44":{"name":"(anonymous_44)","line":301,"loc":{"start":{"line":301,"column":33},"end":{"line":301,"column":52}}},"45":{"name":"(anonymous_45)","line":304,"loc":{"start":{"line":304,"column":22},"end":{"line":304,"column":43}}},"46":{"name":"(anonymous_46)","line":307,"loc":{"start":{"line":307,"column":23},"end":{"line":307,"column":72}}},"47":{"name":"(anonymous_47)","line":342,"loc":{"start":{"line":342,"column":31},"end":{"line":342,"column":48}}},"48":{"name":"(anonymous_48)","line":348,"loc":{"start":{"line":348,"column":46},"end":{"line":348,"column":62}}},"49":{"name":"(anonymous_49)","line":433,"loc":{"start":{"line":433,"column":20},"end":{"line":433,"column":54}}},"50":{"name":"(anonymous_50)","line":439,"loc":{"start":{"line":439,"column":24},"end":{"line":439,"column":58}}},"51":{"name":"(anonymous_51)","line":446,"loc":{"start":{"line":446,"column":19},"end":{"line":446,"column":42}}},"52":{"name":"(anonymous_52)","line":476,"loc":{"start":{"line":476,"column":10},"end":{"line":476,"column":22}}},"53":{"name":"(anonymous_53)","line":479,"loc":{"start":{"line":479,"column":14},"end":{"line":479,"column":26}}},"54":{"name":"(anonymous_54)","line":482,"loc":{"start":{"line":482,"column":15},"end":{"line":482,"column":27}}},"55":{"name":"(anonymous_55)","line":485,"loc":{"start":{"line":485,"column":17},"end":{"line":485,"column":29}}},"56":{"name":"(anonymous_56)","line":491,"loc":{"start":{"line":491,"column":15},"end":{"line":491,"column":27}}},"57":{"name":"(anonymous_57)","line":494,"loc":{"start":{"line":494,"column":16},"end":{"line":494,"column":28}}},"58":{"name":"(anonymous_58)","line":497,"loc":{"start":{"line":497,"column":18},"end":{"line":497,"column":30}}},"59":{"name":"(anonymous_59)","line":503,"loc":{"start":{"line":503,"column":15},"end":{"line":503,"column":27}}},"60":{"name":"(anonymous_60)","line":506,"loc":{"start":{"line":506,"column":16},"end":{"line":506,"column":28}}},"61":{"name":"(anonymous_61)","line":509,"loc":{"start":{"line":509,"column":18},"end":{"line":509,"column":30}}},"62":{"name":"(anonymous_62)","line":515,"loc":{"start":{"line":515,"column":15},"end":{"line":515,"column":27}}},"63":{"name":"(anonymous_63)","line":518,"loc":{"start":{"line":518,"column":16},"end":{"line":518,"column":28}}},"64":{"name":"(anonymous_64)","line":521,"loc":{"start":{"line":521,"column":18},"end":{"line":521,"column":30}}},"65":{"name":"(anonymous_65)","line":527,"loc":{"start":{"line":527,"column":14},"end":{"line":527,"column":26}}},"66":{"name":"(anonymous_66)","line":530,"loc":{"start":{"line":530,"column":15},"end":{"line":530,"column":27}}},"67":{"name":"(anonymous_67)","line":533,"loc":{"start":{"line":533,"column":17},"end":{"line":533,"column":29}}},"68":{"name":"(anonymous_68)","line":536,"loc":{"start":{"line":536,"column":14},"end":{"line":536,"column":26}}},"69":{"name":"(anonymous_69)","line":539,"loc":{"start":{"line":539,"column":15},"end":{"line":539,"column":27}}},"70":{"name":"(anonymous_70)","line":542,"loc":{"start":{"line":542,"column":17},"end":{"line":542,"column":29}}},"71":{"name":"(anonymous_71)","line":554,"loc":{"start":{"line":554,"column":14},"end":{"line":554,"column":26}}},"72":{"name":"(anonymous_72)","line":560,"loc":{"start":{"line":560,"column":15},"end":{"line":560,"column":27}}},"73":{"name":"(anonymous_73)","line":563,"loc":{"start":{"line":563,"column":17},"end":{"line":563,"column":29}}},"74":{"name":"(anonymous_74)","line":569,"loc":{"start":{"line":569,"column":17},"end":{"line":569,"column":29}}},"75":{"name":"(anonymous_75)","line":590,"loc":{"start":{"line":590,"column":18},"end":{"line":590,"column":30}}},"76":{"name":"(anonymous_76)","line":611,"loc":{"start":{"line":611,"column":20},"end":{"line":611,"column":32}}},"77":{"name":"(anonymous_77)","line":635,"loc":{"start":{"line":635,"column":14},"end":{"line":635,"column":26}}},"78":{"name":"(anonymous_78)","line":639,"loc":{"start":{"line":639,"column":15},"end":{"line":639,"column":27}}},"79":{"name":"(anonymous_79)","line":643,"loc":{"start":{"line":643,"column":17},"end":{"line":643,"column":29}}},"80":{"name":"(anonymous_80)","line":650,"loc":{"start":{"line":650,"column":16},"end":{"line":650,"column":28}}},"81":{"name":"(anonymous_81)","line":653,"loc":{"start":{"line":653,"column":17},"end":{"line":653,"column":29}}},"82":{"name":"(anonymous_82)","line":663,"loc":{"start":{"line":663,"column":19},"end":{"line":663,"column":31}}},"83":{"name":"(anonymous_83)","line":671,"loc":{"start":{"line":671,"column":29},"end":{"line":671,"column":40}}},"84":{"name":"(anonymous_84)","line":677,"loc":{"start":{"line":677,"column":3},"end":{"line":677,"column":22}}},"85":{"name":"(anonymous_85)","line":682,"loc":{"start":{"line":682,"column":31},"end":{"line":682,"column":52}}},"86":{"name":"(anonymous_86)","line":719,"loc":{"start":{"line":719,"column":20},"end":{"line":719,"column":54}}},"87":{"name":"(anonymous_87)","line":728,"loc":{"start":{"line":728,"column":23},"end":{"line":728,"column":58}}},"88":{"name":"parseMaxStyle","line":739,"loc":{"start":{"line":739,"column":1},"end":{"line":739,"column":58}}},"89":{"name":"isConstrainedValue","line":759,"loc":{"start":{"line":759,"column":1},"end":{"line":759,"column":36}}},"90":{"name":"getConstraintDimension","line":768,"loc":{"start":{"line":768,"column":1},"end":{"line":768,"column":72}}},"91":{"name":"(anonymous_91)","line":786,"loc":{"start":{"line":786,"column":30},"end":{"line":786,"column":48}}},"92":{"name":"(anonymous_92)","line":790,"loc":{"start":{"line":790,"column":31},"end":{"line":790,"column":49}}},"93":{"name":"(anonymous_93)","line":793,"loc":{"start":{"line":793,"column":27},"end":{"line":793,"column":45}}},"94":{"name":"(anonymous_94)","line":801,"loc":{"start":{"line":801,"column":28},"end":{"line":801,"column":46}}},"95":{"name":"(anonymous_95)","line":809,"loc":{"start":{"line":809,"column":20},"end":{"line":809,"column":43}}},"96":{"name":"(anonymous_96)","line":814,"loc":{"start":{"line":814,"column":23},"end":{"line":814,"column":39}}},"97":{"name":"(anonymous_97)","line":835,"loc":{"start":{"line":835,"column":17},"end":{"line":835,"column":33}}},"98":{"name":"(anonymous_98)","line":838,"loc":{"start":{"line":838,"column":22},"end":{"line":838,"column":65}}},"99":{"name":"(anonymous_99)","line":841,"loc":{"start":{"line":841,"column":23},"end":{"line":841,"column":65}}},"100":{"name":"(anonymous_100)","line":854,"loc":{"start":{"line":854,"column":30},"end":{"line":854,"column":46}}},"101":{"name":"(anonymous_101)","line":861,"loc":{"start":{"line":861,"column":24},"end":{"line":861,"column":46}}},"102":{"name":"(anonymous_102)","line":879,"loc":{"start":{"line":879,"column":23},"end":{"line":879,"column":64}}},"103":{"name":"(anonymous_103)","line":890,"loc":{"start":{"line":890,"column":30},"end":{"line":890,"column":54}}},"104":{"name":"(anonymous_104)","line":892,"loc":{"start":{"line":892,"column":30},"end":{"line":892,"column":46}}},"105":{"name":"(anonymous_105)","line":901,"loc":{"start":{"line":901,"column":32},"end":{"line":901,"column":75}}},"106":{"name":"(anonymous_106)","line":914,"loc":{"start":{"line":914,"column":17},"end":{"line":914,"column":29}}},"107":{"name":"(anonymous_107)","line":928,"loc":{"start":{"line":928,"column":2},"end":{"line":928,"column":16}}},"108":{"name":"(anonymous_108)","line":931,"loc":{"start":{"line":931,"column":2},"end":{"line":931,"column":16}}},"109":{"name":"(anonymous_109)","line":935,"loc":{"start":{"line":935,"column":23},"end":{"line":935,"column":40}}},"110":{"name":"(anonymous_110)","line":958,"loc":{"start":{"line":958,"column":24},"end":{"line":958,"column":50}}},"111":{"name":"(anonymous_111)","line":963,"loc":{"start":{"line":963,"column":25},"end":{"line":963,"column":46}}}},"statementMap":{"1":{"start":{"line":5,"column":0},"end":{"line":5,"column":37}},"2":{"start":{"line":7,"column":0},"end":{"line":969,"column":2}},"3":{"start":{"line":9,"column":1},"end":{"line":9,"column":34}},"4":{"start":{"line":12,"column":1},"end":{"line":33,"column":3}},"5":{"start":{"line":14,"column":2},"end":{"line":14,"column":13}},"6":{"start":{"line":15,"column":2},"end":{"line":32,"column":3}},"7":{"start":{"line":16,"column":3},"end":{"line":16,"column":25}},"8":{"start":{"line":17,"column":3},"end":{"line":25,"column":4}},"9":{"start":{"line":18,"column":4},"end":{"line":20,"column":5}},"10":{"start":{"line":19,"column":5},"end":{"line":19,"column":41}},"11":{"start":{"line":22,"column":4},"end":{"line":24,"column":5}},"12":{"start":{"line":23,"column":5},"end":{"line":23,"column":41}},"13":{"start":{"line":26,"column":9},"end":{"line":32,"column":3}},"14":{"start":{"line":27,"column":3},"end":{"line":27,"column":36}},"15":{"start":{"line":28,"column":3},"end":{"line":28,"column":21}},"16":{"start":{"line":29,"column":3},"end":{"line":31,"column":4}},"17":{"start":{"line":30,"column":4},"end":{"line":30,"column":52}},"18":{"start":{"line":34,"column":1},"end":{"line":46,"column":3}},"19":{"start":{"line":35,"column":2},"end":{"line":35,"column":20}},"20":{"start":{"line":36,"column":2},"end":{"line":44,"column":5}},"21":{"start":{"line":37,"column":3},"end":{"line":43,"column":4}},"22":{"start":{"line":38,"column":4},"end":{"line":38,"column":35}},"23":{"start":{"line":39,"column":10},"end":{"line":43,"column":4}},"24":{"start":{"line":40,"column":4},"end":{"line":40,"column":41}},"25":{"start":{"line":42,"column":4},"end":{"line":42,"column":26}},"26":{"start":{"line":45,"column":2},"end":{"line":45,"column":18}},"27":{"st
[...]
 t + 2);","\t\t},","\t\teaseInSine: function(t) {","\t\t\treturn -1 * Math.cos(t / 1 * (Math.PI / 2)) + 1;","\t\t},","\t\teaseOutSine: function(t) {","\t\t\treturn 1 * Math.sin(t / 1 * (Math.PI / 2));","\t\t},","\t\teaseInOutSine: function(t) {","\t\t\treturn -1 / 2 * (Math.cos(Math.PI * t / 1) - 1);","\t\t},","\t\teaseInExpo: function(t) {","\t\t\treturn (t === 0) ? 1 : 1 * Math.pow(2, 10 * (t / 1 - 1));","\t\t},","\t\teaseOutExpo: function(t) {","\t\t\treturn (t === 1) ? 1 : 1 * (-Math.pow(2, -10 * t / 1) + 1);","\t\t},","\t\teaseInOutExpo: function(t) {","\t\t\tif (t === 0) {","\t\t\t\treturn 0;","\t\t\t}","\t\t\tif (t === 1) {","\t\t\t\treturn 1;","\t\t\t}","\t\t\tif ((t /= 1 / 2) < 1) {","\t\t\t\treturn 1 / 2 * Math.pow(2, 10 * (t - 1));","\t\t\t}","\t\t\treturn 1 / 2 * (-Math.pow(2, -10 * --t) + 2);","\t\t},","\t\teaseInCirc: function(t) {","\t\t\tif (t >= 1) {","\t\t\t\treturn t;","\t\t\t}","\t\t\treturn -1 * (Math.sqrt(1 - (t /= 1) * t) - 1);","\t\t},","\t\teaseOutCirc: function(t) {","\t\t\treturn 1 * Math.sqrt(1 - (t = t / 1 - 1) * t);","\t\t},","\t\teaseInOutCirc: function(t) {","\t\t\tif ((t /= 1 / 2) < 1) {","\t\t\t\treturn -1 / 2 * (Math.sqrt(1 - t * t) - 1);","\t\t\t}","\t\t\treturn 1 / 2 * (Math.sqrt(1 - (t -= 2) * t) + 1);","\t\t},","\t\teaseInElastic: function(t) {","\t\t\tvar s = 1.70158;","\t\t\tvar p = 0;","\t\t\tvar a = 1;","\t\t\tif (t === 0) {","\t\t\t\treturn 0;","\t\t\t}","\t\t\tif ((t /= 1) === 1) {","\t\t\t\treturn 1;","\t\t\t}","\t\t\tif (!p) {","\t\t\t\tp = 1 * 0.3;","\t\t\t}","\t\t\tif (a < Math.abs(1)) {","\t\t\t\ta = 1;","\t\t\t\ts = p / 4;","\t\t\t} else {","\t\t\t\ts = p / (2 * Math.PI) * Math.asin(1 / a);","\t\t\t}","\t\t\treturn -(a * Math.pow(2, 10 * (t -= 1)) * Math.sin((t * 1 - s) * (2 * Math.PI) / p));","\t\t},","\t\teaseOutElastic: function(t) {","\t\t\tvar s = 1.70158;","\t\t\tvar p = 0;","\t\t\tvar a = 1;","\t\t\tif (t === 0) {","\t\t\t\treturn 0;","\t\t\t}","\t\t\tif ((t /= 1) === 1) {","\t\t\t\treturn 1;","\t\t\t}","\t\t\tif (!p) {","\t\t\t\tp = 1 * 0.3;","\t\t\t}","\t\t\tif (a < Math.abs(1)) {","\t\t\t\ta = 1;","\t\t\t\ts = p / 4;","\t\t\t} else {","\t\t\t\ts = p / (2 * Math.PI) * Math.asin(1 / a);","\t\t\t}","\t\t\treturn a * Math.pow(2, -10 * t) * Math.sin((t * 1 - s) * (2 * Math.PI) / p) + 1;","\t\t},","\t\teaseInOutElastic: function(t) {","\t\t\tvar s = 1.70158;","\t\t\tvar p = 0;","\t\t\tvar a = 1;","\t\t\tif (t === 0) {","\t\t\t\treturn 0;","\t\t\t}","\t\t\tif ((t /= 1 / 2) === 2) {","\t\t\t\treturn 1;","\t\t\t}","\t\t\tif (!p) {","\t\t\t\tp = 1 * (0.3 * 1.5);","\t\t\t}","\t\t\tif (a < Math.abs(1)) {","\t\t\t\ta = 1;","\t\t\t\ts = p / 4;","\t\t\t} else {","\t\t\t\ts = p / (2 * Math.PI) * Math.asin(1 / a);","\t\t\t}","\t\t\tif (t < 1) {","\t\t\t\treturn -0.5 * (a * Math.pow(2, 10 * (t -= 1)) * Math.sin((t * 1 - s) * (2 * Math.PI) / p));","\t\t\t}","\t\t\treturn a * Math.pow(2, -10 * (t -= 1)) * Math.sin((t * 1 - s) * (2 * Math.PI) / p) * 0.5 + 1;","\t\t},","\t\teaseInBack: function(t) {","\t\t\tvar s = 1.70158;","\t\t\treturn 1 * (t /= 1) * t * ((s + 1) * t - s);","\t\t},","\t\teaseOutBack: function(t) {","\t\t\tvar s = 1.70158;","\t\t\treturn 1 * ((t = t / 1 - 1) * t * ((s + 1) * t + s) + 1);","\t\t},","\t\teaseInOutBack: function(t) {","\t\t\tvar s = 1.70158;","\t\t\tif ((t /= 1 / 2) < 1) {","\t\t\t\treturn 1 / 2 * (t * t * (((s *= (1.525)) + 1) * t - s));","\t\t\t}","\t\t\treturn 1 / 2 * ((t -= 2) * t * (((s *= (1.525)) + 1) * t + s) + 2);","\t\t},","\t\teaseInBounce: function(t) {","\t\t\treturn 1 - easingEffects.easeOutBounce(1 - t);","\t\t},","\t\teaseOutBounce: function(t) {","\t\t\tif ((t /= 1) < (1 / 2.75)) {","\t\t\t\treturn 1 * (7.5625 * t * t);","\t\t\t} else if (t < (2 / 2.75)) {","\t\t\t\treturn 1 * (7.5625 * (t -= (1.5 / 2.75)) * t + 0.75);","\t\t\t} else if (t < (2.5 / 2.75)) {","\t\t\t\treturn 1 * (7.5625 * (t -= (2.25 / 2.75)) * t + 0.9375);","\t\t\t}","\t\t\treturn 1 * (7.5625 * (t -= (2.625 / 2.75)) * t + 0.984375);","\t\t},","\t\teaseInOutBounce: function(t) {","\t\t\tif (t < 1 / 2) {","\t\t\t\treturn easingEffects.easeInBounce(t * 2) * 0.5;","\t\t\t}","\t\t\treturn easingEffects.easeOutBounce(t * 2 - 1) * 0.5 + 1 * 0.5;","\t\t}","\t};","\t// Request animation polyfill - http://www.paulirish.com/2011/requestanimationframe-for-smart-animating/","\thelpers.requestAnimFrame = (function() {","\t\treturn window.requestAnimationFrame ||","\t\t\twindow.webkitRequestAnimationFrame ||","\t\t\twindow.mozRequestAnimationFrame ||","\t\t\twindow.oRequestAnimationFrame ||","\t\t\twindow.msRequestAnimationFrame ||","\t\t\tfunction(callback) {","\t\t\t\treturn window.setTimeout(callback, 1000 / 60);","\t\t\t};","\t}());","\t// -- DOM methods","\thelpers.getRelativePosition = function(evt, chart) {","\t\tvar mouseX, mouseY;","\t\tvar e = evt.originalEvent || evt,","\t\t\tcanvas = evt.currentTarget || evt.srcElement,","\t\t\tboundingRect = canvas.getBoundingClientRect();","","\t\tvar touches = e.touches;","\t\tif (touches && touches.length > 0) {","\t\t\tmouseX = touches[0].clientX;","\t\t\tmouseY = touches[0].clientY;","","\t\t} else {","\t\t\tmouseX = e.clientX;","\t\t\tmouseY = e.clientY;","\t\t}","","\t\t// Scale mouse coordinates into canvas coordinates","\t\t// by following the pattern laid out by 'jerryj' in the comments of","\t\t// http://www.html5canvastutorials.com/advanced/html5-canvas-mouse-coordinates/","\t\tvar paddingLeft = parseFloat(helpers.getStyle(canvas, 'padding-left'));","\t\tvar paddingTop = parseFloat(helpers.getStyle(canvas, 'padding-top'));","\t\tvar paddingRight = parseFloat(helpers.getStyle(canvas, 'padding-right'));","\t\tvar paddingBottom = parseFloat(helpers.getStyle(canvas, 'padding-bottom'));","\t\tvar width = boundingRect.right - boundingRect.left - paddingLeft - paddingRight;","\t\tvar height = boundingRect.bottom - boundingRect.top - paddingTop - paddingBottom;","","\t\t// We divide by the current device pixel ratio, because the canvas is scaled up by that amount in each direction. However","\t\t// the backend model is in unscaled coordinates. Since we are going to deal with our model coordinates, we go back here","\t\tmouseX = Math.round((mouseX - boundingRect.left - paddingLeft) / (width) * canvas.width / chart.currentDevicePixelRatio);","\t\tmouseY = Math.round((mouseY - boundingRect.top - paddingTop) / (height) * canvas.height / chart.currentDevicePixelRatio);","","\t\treturn {","\t\t\tx: mouseX,","\t\t\ty: mouseY","\t\t};","","\t};","\thelpers.addEvent = function(node, eventType, method) {","\t\tif (node.addEventListener) {","\t\t\tnode.addEventListener(eventType, method);","\t\t} else if (node.attachEvent) {","\t\t\tnode.attachEvent('on' + eventType, method);","\t\t} else {","\t\t\tnode['on' + eventType] = method;","\t\t}","\t};","\thelpers.removeEvent = function(node, eventType, handler) {","\t\tif (node.removeEventListener) {","\t\t\tnode.removeEventListener(eventType, handler, false);","\t\t} else if (node.detachEvent) {","\t\t\tnode.detachEvent('on' + eventType, handler);","\t\t} else {","\t\t\tnode['on' + eventType] = helpers.noop;","\t\t}","\t};","","\t// Private helper function to convert max-width/max-height values that may be percentages into a number","\tfunction parseMaxStyle(styleValue, node, parentProperty) {","\t\tvar valueInPixels;","\t\tif (typeof(styleValue) === 'string') {","\t\t\tvalueInPixels = parseInt(styleValue, 10);","","\t\t\tif (styleValue.indexOf('%') !== -1) {","\t\t\t\t// percentage * size in dimension","\t\t\t\tvalueInPixels = valueInPixels / 100 * node.parentNode[parentProperty];","\t\t\t}","\t\t} else {","\t\t\tvalueInPixels = styleValue;","\t\t}","","\t\treturn valueInPixels;","\t}","","\t/**","\t * Returns if the given value contains an effective constraint.","\t * @private","\t */","\tfunction isConstrainedValue(value) {","\t\treturn value !== undefined && value !== null && value !== 'none';","\t}","","\t// Private helper to get a constraint dimension","\t// @param domNode : the node to check the constraint on","\t// @param maxStyle : the style that defines the maximum for the direction we are using (maxWidth / maxHeight)","\t// @param percentageProperty : property of parent to use when calculating width as a percentage","\t// @see http://www.nathanaeljones.com/blog/2013/reading-max-width-cross-browser","\tfunction getConstraintDimension(domNode, maxStyle, percentageProperty) {","\t\tvar view = document.defaultView;","\t\tvar parentNode = domNode.parentNode;","\t\tvar constrainedNode = view.getComputedStyle(domNode)[maxStyle];","\t\tvar constrainedContainer = view.getComputedStyle(parentNode)[maxStyle];","\t\tvar hasCNode = isConstrainedValue(constrainedNode);","\t\tvar hasCContainer = isConstrainedValue(constrainedContainer);","\t\tvar infinity = Number.POSITIVE_INFINITY;","","\t\tif (hasCNode || hasCContainer) {","\t\t\treturn Math.min(","\t\t\t\thasCNode? parseMaxStyle(constrainedNode, domNode, percentageProperty) : infinity,","\t\t\t\thasCContainer? parseMaxStyle(constrainedContainer, parentNode, percentageProperty) : infinity);","\t\t}","","\t\treturn 'none';","\t}","\t// returns Number or undefined if no constraint","\thelpers.getConstraintWidth = function(domNode) {","\t\treturn getConstraintDimension(domNode, 'max-width', 'clientWidth');","\t};","\t// returns Number or undefined if no constraint","\thelpers.getConstraintHeight = function(domNode) {","\t\treturn getConstraintDimension(domNode, 'max-height', 'clientHeight');","\t};","\thelpers.getMaximumWidth = function(domNode) {","\t\tvar container = domNode.parentNode;","\t\tvar paddingLeft = parseInt(helpers.getStyle(container, 'padding-left'), 10);","\t\tvar paddingRight = parseInt(helpers.getStyle(container, 'padding-right'), 10);","\t\tvar w = container.clientWidth - paddingLeft - paddingRight;","\t\tvar cw = helpers.getConstraintWidth(domNode);","\t\treturn isNaN(cw)? w : Math.min(w, cw);","\t};","\thelpers.getMaximumHeight = function(domNode) {","\t\tvar container = domNode.parentNode;","\t\tvar paddingTop = parseInt(helpers.getStyle(container, 'padding-top'), 10);","\t\tvar paddingBottom = parseInt(helpers.getStyle(container, 'padding-bottom'), 10);","\t\tvar h = container.clientHeight - paddingTop - paddingBottom;","\t\tvar ch = helpers.getConstraintHeight(domNode);","\t\treturn isNaN(ch)? h : Math.min(h, ch);","\t};","\thelpers.getStyle = function(el, property) {","\t\treturn el.currentStyle ?","\t\t\tel.currentStyle[property] :","\t\t\tdocument.defaultView.getComputedStyle(el, null).getPropertyValue(property);","\t};","\thelpers.retinaScale = function(chart) {","\t\tvar pixelRatio = chart.currentDevicePixelRatio = window.devicePixelRatio || 1;","\t\tif (pixelRatio === 1) {","\t\t\treturn;","\t\t}","","\t\tvar canvas = chart.canvas;","\t\tvar height = chart.height;","\t\tvar width = chart.width;","","\t\tcanvas.height = height * pixelRatio;","\t\tcanvas.width = width * pixelRatio;","\t\tchart.ctx.scale(pixelRatio, pixelRatio);","","\t\t// If no style has been set on the canvas, the render size is used as display size,","\t\t// making the chart visually bigger, so let's enforce it to the \"correct\" values.","\t\t// See https://github.com/chartjs/Chart.js/issues/3575","\t\tcanvas.style.height = height + 'px';","\t\tcanvas.style.width = width + 'px';","\t};","\t// -- Canvas methods","\thelpers.clear = function(chart) {","\t\tchart.ctx.clearRect(0, 0, chart.width, chart.height);","\t};","\thelpers.fontString = function(pixelSize, fontStyle, fontFamily) {","\t\treturn fontStyle + ' ' + pixelSize + 'px ' + fontFamily;","\t};","\thelpers.longestText = function(ctx, font, arrayOfThings, cache) {","\t\tcache = cache || {};","\t\tvar data = cache.data = cache.data || {};","\t\tvar gc = cache.garbageCollect = cache.garbageCollect || [];","","\t\tif (cache.font !== font) {","\t\t\tdata = cache.data = {};","\t\t\tgc = cache.garbageCollect = [];","\t\t\tcache.font = font;","\t\t}","","\t\tctx.font = font;","\t\tvar longest = 0;","\t\thelpers.each(arrayOfThings, function(thing) {","\t\t\t// Undefined strings and arrays should not be measured","\t\t\tif (thing !== undefined && thing !== null && helpers.isArray(thing) !== true) {","\t\t\t\tlongest = helpers.measureText(ctx, data, gc, longest, thing);","\t\t\t} else if (helpers.isArray(thing)) {","\t\t\t\t// if it is an array lets measure each element","\t\t\t\t// to do maybe simplify this function a bit so we can do this more recursively?","\t\t\t\thelpers.each(thing, function(nestedThing) {","\t\t\t\t\t// Undefined strings and arrays should not be measured","\t\t\t\t\tif (nestedThing !== undefined && nestedThing !== null && !helpers.isArray(nestedThing)) {","\t\t\t\t\t\tlongest = helpers.measureText(ctx, data, gc, longest, nestedThing);","\t\t\t\t\t}","\t\t\t\t});","\t\t\t}","\t\t});","","\t\tvar gcLen = gc.length / 2;","\t\tif (gcLen > arrayOfThings.length) {","\t\t\tfor (var i = 0; i < gcLen; i++) {","\t\t\t\tdelete data[gc[i]];","\t\t\t}","\t\t\tgc.splice(0, gcLen);","\t\t}","\t\treturn longest;","\t};","\thelpers.measureText = function(ctx, data, gc, longest, string) {","\t\tvar textWidth = data[string];","\t\tif (!textWidth) {","\t\t\ttextWidth = data[string] = ctx.measureText(string).width;","\t\t\tgc.push(string);","\t\t}","\t\tif (textWidth > longest) {","\t\t\tlongest = textWidth;","\t\t}","\t\treturn longest;","\t};","\thelpers.numberOfLabelLines = function(arrayOfThings) {","\t\tvar numberOfLines = 1;","\t\thelpers.each(arrayOfThings, function(thing) {","\t\t\tif (helpers.isArray(thing)) {","\t\t\t\tif (thing.length > numberOfLines) {","\t\t\t\t\tnumberOfLines = thing.length;","\t\t\t\t}","\t\t\t}","\t\t});","\t\treturn numberOfLines;","\t};","\thelpers.drawRoundedRectangle = function(ctx, x, y, width, height, radius) {","\t\tctx.beginPath();","\t\tctx.moveTo(x + radius, y);","\t\tctx.lineTo(x + width - radius, y);","\t\tctx.quadraticCurveTo(x + width, y, x + width, y + radius);","\t\tctx.lineTo(x + width, y + height - radius);","\t\tctx.quadraticCurveTo(x + width, y + height, x + width - radius, y + height);","\t\tctx.lineTo(x + radius, y + height);","\t\tctx.quadraticCurveTo(x, y + height, x, y + height - radius);","\t\tctx.lineTo(x, y + radius);","\t\tctx.quadraticCurveTo(x, y, x + radius, y);","\t\tctx.closePath();","\t};","\thelpers.color = function(c) {","\t\tif (!color) {","\t\t\tconsole.error('Color.js not found!');","\t\t\treturn c;","\t\t}","","\t\t/* global CanvasGradient */","\t\tif (c instanceof CanvasGradient) {","\t\t\treturn color(Chart.defaults.global.defaultColor);","\t\t}","","\t\treturn color(c);","\t};","\thelpers.isArray = Array.isArray?","\t\tfunction(obj) {","\t\t\treturn Array.isArray(obj);","\t\t} :","\t\tfunction(obj) {","\t\t\treturn Object.prototype.toString.call(obj) === '[object Array]';","\t\t};","\t// ! @see http://stackoverflow.com/a/14853974","\thelpers.arrayEquals = function(a0, a1) {","\t\tvar i, ilen, v0, v1;","","\t\tif (!a0 || !a1 || a0.length !== a1.length) {","\t\t\treturn false;","\t\t}","","\t\tfor (i = 0, ilen=a0.length; i < ilen; ++i) {","\t\t\tv0 = a0[i];","\t\t\tv1 = a1[i];","","\t\t\tif (v0 instanceof Array && v1 instanceof Array) {","\t\t\t\tif (!helpers.arrayEquals(v0, v1)) {","\t\t\t\t\treturn false;","\t\t\t\t}","\t\t\t} else if (v0 !== v1) {","\t\t\t\t// NOTE: two different object instances will never be equal: {x:20} != {x:20}","\t\t\t\treturn false;","\t\t\t}","\t\t}","","\t\treturn true;","\t};","\thelpers.callCallback = function(fn, args, _tArg) {","\t\tif (fn && typeof fn.call === 'function') {","\t\t\tfn.apply(_tArg, args);","\t\t}","\t};","\thelpers.getHoverColor = function(colorValue) {","\t\t/* global CanvasPattern */","\t\treturn (colorValue instanceof CanvasPattern) ?","\t\t\tcolorValue :","\t\t\thelpers.color(colorValue).saturate(0.5).darken(0.1).rgbString();","\t};","};",""],"l":{"5":1,"7":1,"9":1,"12":1,"14":0,"15":0,"16":0,"17":0,"18":0,"19":0,"22":0,"23":0,"26":0,"27":0,"28":0,"29":0,"30":0,"34":1,"35":0,"36":0,"37":0,"38":0,"39":0,"40":0,"42":0,"45":0,"47":1,"48":0,"49":0,"51":0,"52":0,"54":0,"57":1,"58":0,"59":0,"60":0,"61":0,"62":0,"64":0,"66":0,"67":0,"69":0,"70":0,"77":0,"80":0,"85":0,"87":1,"88":0,"90":0,"91":0,"93":0,"94":0,"95":0,"96":0,"97":0,"98":0,"99":0,"101":0,"104":0,"108":0,"109":0,"110":0,"111":0,"114":0,"116":0,"120":0,"124":0,"126":1,"127":0,"128":0,"131":0,"132":0,"135":0,"137":1,"138":0,"140":1,"142":0,"145":0,"146":0,"147":0,"150":0,"152":1,"153":0,"154":0,"156":0,"158":0,"159":0,"160":0,"164":0,"166":1,"168":0,"171":0,"172":0,"173":0,"174":0,"177":0,"179":1,"181":0,"182":0,"184":0,"185":0,"186":0,"187":0,"191":1,"193":0,"194":0,"196":0,"197":0,"198":0,"199":0,"203":1,"205":0,"206":0,"207":0,"210":0,"211":0,"213":0,"214":0,"216":0,"218":0,"219":0,"222":0,"224":0,"226":1,"227":1,"228":1,"229":1,"230":0,"234":1,"235":0,"237":1,"238":0,"240":1,"241":0,"242":0,"244":1,"245":0,"246":0,"247":0,"249":0,"252":1,"253":0,"254":0,"255":0,"257":0,"260":1,"262":0,"265":0,"266":0,"267":0,"269":0,"271":1,"273":0,"276":0,"278":1,"279":0,"281":1,"282":0,"285":1,"286":0,"290":0,"292":0,"293":0,"296":0,"301":1,"302":0,"304":1,"305":0,"307":1,"313":0,"317":0,"318":0,"320":0,"321":0,"324":0,"325":0,"327":0,"328":0,"330":0,"341":1,"342":1,"348":0,"349":0,"357":0,"358":0,"359":0,"360":0,"361":0,"362":0,"365":0,"366":0,"367":0,"368":0,"371":0,"374":0,"375":0,"376":0,"377":0,"378":0,"379":0,"381":0,"386":0,"387":0,"388":0,"389":0,"390":0,"391":0,"394":0,"395":0,"396":0,"399":0,"400":0,"401":0,"402":0,"403":0,"406":0,"407":0,"408":0,"412":0,"413":0,"414":0,"415":0,"416":0,"419":0,"420":0,"421":0,"422":0,"423":0,"424":0,"426":0,"427":0,"428":0,"429":0,"433":1,"434":0,"435":0,"437":0,"439":1,"440":0,"441":0,"443":0,"446":1,"447":0,"448":0,"449":0,"451":0,"452":0,"453":0,"454":0,"455":0,"456":0,"457":0,"459":0,"461":0,"462":0,"463":0,"464":0,"465":0,"466":0,"468":0,"471":0,"475":1,"477":0,"480":0,"483":0,"486":0,"487":0,"489":0,"492":0,"495":0,"498":0,"499":0,"501":0,"504":0,"507":0,"510":0,"511":0,"513":0,"516":0,"519":0,"522":0,"523":0,"525":0,"528":0,"531":0,"534":0,"537":0,"540":0,"543":0,"544":0,"546":0,"547":0,"549":0,"550":0,"552":0,"555":0,"556":0,"558":0,"561":0,"564":0,"565":0,"567":0,"570":0,"571":0,"572":0,"573":0,"574":0,"576":0,"577":0,"579":0,"580":0,"582":0,"583":0,"584":0,"586":0,"588":0,"591":0,"592":0,"593":0,"594":0,"595":0,"597":0,"598":0,"600":0,"601":0,"603":0,"604":0,"605":0,"607":0,"609":0,"612":0,"613":0,"614":0,"615":0,"616":0,"618":0,"619":0,"621":0,"622":0,"624":0,"625":0,"626":0,"628":0,"630":0,"631":0,"633":0,"636":0,"637":0,"640":0,"641":0,"644":0,"645":0,"646":0,"648":0,"651":0,"654":0,"655":0,"656":0,"657":0,"658":0,"659":0,"661":0,"664":0,"665":0,"667":0,"671":1,"672":1,"678":0,"682":0,"683":0,"684":0,"688":0,"689":0,"690":0,"691":0,"694":0,"695":0,"701":0,"702":0,"703":0,"704":0,"705":0,"706":0,"710":0,"711":0,"713":0,"719":0,"720":0,"721":0,"722":0,"723":0,"725":0,"728":0,"729":0,"730":0,"731":0,"732":0,"734":0,"739":1,"740":0,"741":0,"742":0,"744":0,"746":0,"749":0,"752":0,"759":1,"760":0,"768":1,"769":0,"770":0,"771":0,"772":0,"773":0,"774":0,"775":0,"777":0,"778":0,"783":0,"786":0,"787":0,"790":0,"791":0,"793":0,"794":0,"795":0,"796":0,"797":0,"798":0,"799":0,"801":0,"802":0,"803":0,"804":0,"805":0,"806":0,"807":0,"809":0,"810":0,"814":0,"815":0,"816":0,"817":0,"820":0,"821":0,"822":0,"824":0,"825":0,"826":0,"831":0,"832":0,"835":0,"836":0,"838":0,"839":0,"841":0,"842":0,"843":0,"844":0,"846":0,"847":0,"848":0,"849":0,"852":0,"853":0,"854":0,"856":0,"857":0,"858":0,"861":0,"863":0,"864":0,"870":0,"871":0,"872":0,"873":0,"875":0,"877":0,"879":0,"880":0,"881":0,"882":0,"883":0,"885":0,"886":0,"888":0,"890":0,"891":0,"892":0,"893":0,"894":0,"895":0,"899":0,"901":0,"902":0,"903":0,"904":0,"905":0,"906":0,"907":0,"908":0,"909":0,"910":0,"911":0,"912":0,"914":0,"915":0,"916":0,"917":0,"921":0,"922":0,"925":0,"927":0,"929":0,"932":0,"935":0,"936":0,"938":0,"939":0,"942":0,"943":0,"944":0,"946":0,"947":0,"948":0,"950":0,"952":0,"956":0,"958":0,"959":0,"960":0,"963":0,"965":0}}}